[03-Apr-2026 15:49:21 Europe/Paris] Settings error [advisor_firstname]: SQLSTATE[42S22]: Column not found: 1054 Unknown column 'setting_value' in 'SELECT'
[03-Apr-2026 15:49:21 Europe/Paris] Settings error [advisor_lastname]: SQLSTATE[42S22]: Column not found: 1054 Unknown column 'setting_value' in 'SELECT'
[03-Apr-2026 15:49:21 Europe/Paris] Settings error [zone_city]: SQLSTATE[42S22]: Column not found: 1054 Unknown column 'setting_value' in 'SELECT'
[03-Apr-2026 15:49:21 Europe/Paris] Settings error [zone_neighborhoods]: SQLSTATE[42S22]: Column not found: 1054 Unknown column 'setting_value' in 'SELECT'
[03-Apr-2026 15:49:21 Europe/Paris] Settings error [agency_name]: SQLSTATE[42S22]: Column not found: 1054 Unknown column 'setting_value' in 'SELECT'
[03-Apr-2026 15:49:21 Europe/Paris] Settings error [advisor_email]: SQLSTATE[42S22]: Column not found: 1054 Unknown column 'setting_value' in 'SELECT'
[03-Apr-2026 15:49:21 Europe/Paris] Settings error [advisor_phone]: SQLSTATE[42S22]: Column not found: 1054 Unknown column 'setting_value' in 'SELECT'
[03-Apr-2026 15:49:21 Europe/Paris] Settings error [tech_app_url]: SQLSTATE[42S22]: Column not found: 1054 Unknown column 'setting_value' in 'SELECT'
[03-Apr-2026 15:49:21 Europe/Paris] Settings error [advisor_photo]: SQLSTATE[42S22]: Column not found: 1054 Unknown column 'setting_value' in 'SELECT'
[03-Apr-2026 15:49:21 Europe/Paris] Settings error [agency_name]: SQLSTATE[42S22]: Column not found: 1054 Unknown column 'setting_value' in 'SELECT'
[03-Apr-2026 15:49:21 Europe/Paris] Settings error [advisor_email]: SQLSTATE[42S22]: Column not found: 1054 Unknown column 'setting_value' in 'SELECT'
[03-Apr-2026 15:49:21 Europe/Paris] Settings error [tech_app_url]: SQLSTATE[42S22]: Column not found: 1054 Unknown column 'setting_value' in 'SELECT'
[03-Apr-2026 15:49:21 Europe/Paris] Settings error [advisor_photo]: SQLSTATE[42S22]: Column not found: 1054 Unknown column 'setting_value' in 'SELECT'
[03-Apr-2026 15:49:21 Europe/Paris] Settings error [advisor_firstname]: SQLSTATE[42S22]: Column not found: 1054 Unknown column 'setting_value' in 'SELECT'
[03-Apr-2026 15:49:21 Europe/Paris] Settings error [advisor_lastname]: SQLSTATE[42S22]: Column not found: 1054 Unknown column 'setting_value' in 'SELECT'
[03-Apr-2026 15:49:21 Europe/Paris] Settings error [zone_city]: SQLSTATE[42S22]: Column not found: 1054 Unknown column 'setting_value' in 'SELECT'
[03-Apr-2026 15:49:21 Europe/Paris] Settings error [zone_neighborhoods]: SQLSTATE[42S22]: Column not found: 1054 Unknown column 'setting_value' in 'SELECT'
[03-Apr-2026 15:49:21 Europe/Paris] Settings error [agency_name]: SQLSTATE[42S22]: Column not found: 1054 Unknown column 'setting_value' in 'SELECT'
[03-Apr-2026 15:49:21 Europe/Paris] Settings error [advisor_email]: SQLSTATE[42S22]: Column not found: 1054 Unknown column 'setting_value' in 'SELECT'
[03-Apr-2026 15:49:21 Europe/Paris] Settings error [advisor_phone]: SQLSTATE[42S22]: Column not found: 1054 Unknown column 'setting_value' in 'SELECT'
[03-Apr-2026 15:49:21 Europe/Paris] Settings error [tech_app_url]: SQLSTATE[42S22]: Column not found: 1054 Unknown column 'setting_value' in 'SELECT'
[03-Apr-2026 15:49:21 Europe/Paris] Settings error [advisor_photo]: SQLSTATE[42S22]: Column not found: 1054 Unknown column 'setting_value' in 'SELECT'
[03-Apr-2026 15:49:21 Europe/Paris] Settings error [agency_name]: SQLSTATE[42S22]: Column not found: 1054 Unknown column 'setting_value' in 'SELECT'
[03-Apr-2026 15:49:21 Europe/Paris] Settings error [advisor_email]: SQLSTATE[42S22]: Column not found: 1054 Unknown column 'setting_value' in 'SELECT'
[03-Apr-2026 15:49:21 Europe/Paris] Settings error [tech_app_url]: SQLSTATE[42S22]: Column not found: 1054 Unknown column 'setting_value' in 'SELECT'
[03-Apr-2026 15:49:21 Europe/Paris] Settings error [advisor_photo]: SQLSTATE[42S22]: Column not found: 1054 Unknown column 'setting_value' in 'SELECT'
[03-Apr-2026 15:49:21 Europe/Paris] Settings error [advisor_firstname]: SQLSTATE[42S22]: Column not found: 1054 Unknown column 'setting_value' in 'SELECT'
[03-Apr-2026 15:49:21 Europe/Paris] Settings error [advisor_lastname]: SQLSTATE[42S22]: Column not found: 1054 Unknown column 'setting_value' in 'SELECT'
[03-Apr-2026 15:49:21 Europe/Paris] Settings error [zone_city]: SQLSTATE[42S22]: Column not found: 1054 Unknown column 'setting_value' in 'SELECT'
[03-Apr-2026 15:49:21 Europe/Paris] Settings error [zone_neighborhoods]: SQLSTATE[42S22]: Column not found: 1054 Unknown column 'setting_value' in 'SELECT'
[03-Apr-2026 15:49:21 Europe/Paris] Settings error [agency_name]: SQLSTATE[42S22]: Column not found: 1054 Unknown column 'setting_value' in 'SELECT'
[03-Apr-2026 15:49:21 Europe/Paris] Settings error [advisor_email]: SQLSTATE[42S22]: Column not found: 1054 Unknown column 'setting_value' in 'SELECT'
[03-Apr-2026 15:49:21 Europe/Paris] Settings error [advisor_phone]: SQLSTATE[42S22]: Column not found: 1054 Unknown column 'setting_value' in 'SELECT'
[03-Apr-2026 15:49:21 Europe/Paris] Settings error [tech_app_url]: SQLSTATE[42S22]: Column not found: 1054 Unknown column 'setting_value' in 'SELECT'
[03-Apr-2026 15:49:21 Europe/Paris] Settings error [advisor_photo]: SQLSTATE[42S22]: Column not found: 1054 Unknown column 'setting_value' in 'SELECT'
[03-Apr-2026 15:49:21 Europe/Paris] Settings error [agency_name]: SQLSTATE[42S22]: Column not found: 1054 Unknown column 'setting_value' in 'SELECT'
[03-Apr-2026 15:49:21 Europe/Paris] Settings error [advisor_email]: SQLSTATE[42S22]: Column not found: 1054 Unknown column 'setting_value' in 'SELECT'
[03-Apr-2026 15:49:21 Europe/Paris] Settings error [tech_app_url]: SQLSTATE[42S22]: Column not found: 1054 Unknown column 'setting_value' in 'SELECT'
[03-Apr-2026 15:49:21 Europe/Paris] Settings error [advisor_photo]: SQLSTATE[42S22]: Column not found: 1054 Unknown column 'setting_value' in 'SELECT'
[03-Apr-2026 15:49:21 Europe/Paris] Settings error [zone_city]: SQLSTATE[42S22]: Column not found: 1054 Unknown column 'setting_value' in 'SELECT'
[03-Apr-2026 15:49:21 Europe/Paris] Settings error [site_meta_description]: SQLSTATE[42S22]: Column not found: 1054 Unknown column 'setting_value' in 'SELECT'
[03-Apr-2026 15:49:21 Europe/Paris] Settings error [advisor_firstname]: SQLSTATE[42S22]: Column not found: 1054 Unknown column 'setting_value' in 'SELECT'
[03-Apr-2026 15:49:21 Europe/Paris] Settings error [advisor_lastname]: SQLSTATE[42S22]: Column not found: 1054 Unknown column 'setting_value' in 'SELECT'
[03-Apr-2026 15:49:21 Europe/Paris] Settings error [advisor_firstname]: SQLSTATE[42S22]: Column not found: 1054 Unknown column 'setting_value' in 'SELECT'
[03-Apr-2026 15:49:21 Europe/Paris] Settings error [advisor_lastname]: SQLSTATE[42S22]: Column not found: 1054 Unknown column 'setting_value' in 'SELECT'
[03-Apr-2026 15:49:21 Europe/Paris] Settings error [advisor_title]: SQLSTATE[42S22]: Column not found: 1054 Unknown column 'setting_value' in 'SELECT'
[03-Apr-2026 15:49:21 Europe/Paris] Settings error [advisor_tagline]: SQLSTATE[42S22]: Column not found: 1054 Unknown column 'setting_value' in 'SELECT'
[03-Apr-2026 15:49:21 Europe/Paris] Settings error [zone_city]: SQLSTATE[42S22]: Column not found: 1054 Unknown column 'setting_value' in 'SELECT'
[03-Apr-2026 15:49:21 Europe/Paris] Settings error [advisor_firstname]: SQLSTATE[42S22]: Column not found: 1054 Unknown column 'setting_value' in 'SELECT'
[03-Apr-2026 15:49:21 Europe/Paris] Settings error [advisor_lastname]: SQLSTATE[42S22]: Column not found: 1054 Unknown column 'setting_value' in 'SELECT'
[03-Apr-2026 15:49:21 Europe/Paris] Settings error [zone_city]: SQLSTATE[42S22]: Column not found: 1054 Unknown column 'setting_value' in 'SELECT'
[03-Apr-2026 15:49:58 Europe/Paris] Settings error [advisor_firstname]: SQLSTATE[42S22]: Column not found: 1054 Unknown column 'setting_value' in 'SELECT'
[03-Apr-2026 15:49:58 Europe/Paris] Settings error [advisor_lastname]: SQLSTATE[42S22]: Column not found: 1054 Unknown column 'setting_value' in 'SELECT'
[03-Apr-2026 15:49:58 Europe/Paris] Settings error [zone_city]: SQLSTATE[42S22]: Column not found: 1054 Unknown column 'setting_value' in 'SELECT'
[03-Apr-2026 15:49:58 Europe/Paris] Settings error [zone_neighborhoods]: SQLSTATE[42S22]: Column not found: 1054 Unknown column 'setting_value' in 'SELECT'
[03-Apr-2026 15:49:58 Europe/Paris] Settings error [agency_name]: SQLSTATE[42S22]: Column not found: 1054 Unknown column 'setting_value' in 'SELECT'
[03-Apr-2026 15:49:58 Europe/Paris] Settings error [advisor_email]: SQLSTATE[42S22]: Column not found: 1054 Unknown column 'setting_value' in 'SELECT'
[03-Apr-2026 15:49:58 Europe/Paris] Settings error [advisor_phone]: SQLSTATE[42S22]: Column not found: 1054 Unknown column 'setting_value' in 'SELECT'
[03-Apr-2026 15:49:58 Europe/Paris] Settings error [tech_app_url]: SQLSTATE[42S22]: Column not found: 1054 Unknown column 'setting_value' in 'SELECT'
[03-Apr-2026 15:49:58 Europe/Paris] Settings error [advisor_photo]: SQLSTATE[42S22]: Column not found: 1054 Unknown column 'setting_value' in 'SELECT'
[03-Apr-2026 15:49:58 Europe/Paris] Settings error [agency_name]: SQLSTATE[42S22]: Column not found: 1054 Unknown column 'setting_value' in 'SELECT'
[03-Apr-2026 15:49:58 Europe/Paris] Settings error [advisor_email]: SQLSTATE[42S22]: Column not found: 1054 Unknown column 'setting_value' in 'SELECT'
[03-Apr-2026 15:49:58 Europe/Paris] Settings error [tech_app_url]: SQLSTATE[42S22]: Column not found: 1054 Unknown column 'setting_value' in 'SELECT'
[03-Apr-2026 15:49:58 Europe/Paris] Settings error [advisor_photo]: SQLSTATE[42S22]: Column not found: 1054 Unknown column 'setting_value' in 'SELECT'
[03-Apr-2026 15:49:58 Europe/Paris] Settings error [advisor_firstname]: SQLSTATE[42S22]: Column not found: 1054 Unknown column 'setting_value' in 'SELECT'
[03-Apr-2026 15:49:58 Europe/Paris] Settings error [advisor_lastname]: SQLSTATE[42S22]: Column not found: 1054 Unknown column 'setting_value' in 'SELECT'
[03-Apr-2026 15:49:58 Europe/Paris] Settings error [zone_city]: SQLSTATE[42S22]: Column not found: 1054 Unknown column 'setting_value' in 'SELECT'
[03-Apr-2026 15:49:58 Europe/Paris] Settings error [zone_neighborhoods]: SQLSTATE[42S22]: Column not found: 1054 Unknown column 'setting_value' in 'SELECT'
[03-Apr-2026 15:49:58 Europe/Paris] Settings error [agency_name]: SQLSTATE[42S22]: Column not found: 1054 Unknown column 'setting_value' in 'SELECT'
[03-Apr-2026 15:49:58 Europe/Paris] Settings error [advisor_email]: SQLSTATE[42S22]: Column not found: 1054 Unknown column 'setting_value' in 'SELECT'
[03-Apr-2026 15:49:58 Europe/Paris] Settings error [advisor_phone]: SQLSTATE[42S22]: Column not found: 1054 Unknown column 'setting_value' in 'SELECT'
[03-Apr-2026 15:49:58 Europe/Paris] Settings error [tech_app_url]: SQLSTATE[42S22]: Column not found: 1054 Unknown column 'setting_value' in 'SELECT'
[03-Apr-2026 15:49:58 Europe/Paris] Settings error [advisor_photo]: SQLSTATE[42S22]: Column not found: 1054 Unknown column 'setting_value' in 'SELECT'
[03-Apr-2026 15:49:58 Europe/Paris] Settings error [agency_name]: SQLSTATE[42S22]: Column not found: 1054 Unknown column 'setting_value' in 'SELECT'
[03-Apr-2026 15:49:58 Europe/Paris] Settings error [advisor_email]: SQLSTATE[42S22]: Column not found: 1054 Unknown column 'setting_value' in 'SELECT'
[03-Apr-2026 15:49:58 Europe/Paris] Settings error [tech_app_url]: SQLSTATE[42S22]: Column not found: 1054 Unknown column 'setting_value' in 'SELECT'
[03-Apr-2026 15:49:58 Europe/Paris] Settings error [advisor_photo]: SQLSTATE[42S22]: Column not found: 1054 Unknown column 'setting_value' in 'SELECT'
[03-Apr-2026 15:49:58 Europe/Paris] Settings error [advisor_firstname]: SQLSTATE[42S22]: Column not found: 1054 Unknown column 'setting_value' in 'SELECT'
[03-Apr-2026 15:49:58 Europe/Paris] Settings error [advisor_lastname]: SQLSTATE[42S22]: Column not found: 1054 Unknown column 'setting_value' in 'SELECT'
[03-Apr-2026 15:49:58 Europe/Paris] Settings error [zone_city]: SQLSTATE[42S22]: Column not found: 1054 Unknown column 'setting_value' in 'SELECT'
[03-Apr-2026 15:49:58 Europe/Paris] Settings error [zone_neighborhoods]: SQLSTATE[42S22]: Column not found: 1054 Unknown column 'setting_value' in 'SELECT'
[03-Apr-2026 15:49:58 Europe/Paris] Settings error [agency_name]: SQLSTATE[42S22]: Column not found: 1054 Unknown column 'setting_value' in 'SELECT'
[03-Apr-2026 15:49:58 Europe/Paris] Settings error [advisor_email]: SQLSTATE[42S22]: Column not found: 1054 Unknown column 'setting_value' in 'SELECT'
[03-Apr-2026 15:49:58 Europe/Paris] Settings error [advisor_phone]: SQLSTATE[42S22]: Column not found: 1054 Unknown column 'setting_value' in 'SELECT'
[03-Apr-2026 15:49:58 Europe/Paris] Settings error [tech_app_url]: SQLSTATE[42S22]: Column not found: 1054 Unknown column 'setting_value' in 'SELECT'
[03-Apr-2026 15:49:58 Europe/Paris] Settings error [advisor_photo]: SQLSTATE[42S22]: Column not found: 1054 Unknown column 'setting_value' in 'SELECT'
[03-Apr-2026 15:49:58 Europe/Paris] Settings error [agency_name]: SQLSTATE[42S22]: Column not found: 1054 Unknown column 'setting_value' in 'SELECT'
[03-Apr-2026 15:49:58 Europe/Paris] Settings error [advisor_email]: SQLSTATE[42S22]: Column not found: 1054 Unknown column 'setting_value' in 'SELECT'
[03-Apr-2026 15:49:58 Europe/Paris] Settings error [tech_app_url]: SQLSTATE[42S22]: Column not found: 1054 Unknown column 'setting_value' in 'SELECT'
[03-Apr-2026 15:49:58 Europe/Paris] Settings error [advisor_photo]: SQLSTATE[42S22]: Column not found: 1054 Unknown column 'setting_value' in 'SELECT'
[03-Apr-2026 15:49:58 Europe/Paris] Settings error [zone_city]: SQLSTATE[42S22]: Column not found: 1054 Unknown column 'setting_value' in 'SELECT'
[03-Apr-2026 15:49:58 Europe/Paris] Settings error [site_meta_description]: SQLSTATE[42S22]: Column not found: 1054 Unknown column 'setting_value' in 'SELECT'
[03-Apr-2026 15:49:58 Europe/Paris] Settings error [advisor_firstname]: SQLSTATE[42S22]: Column not found: 1054 Unknown column 'setting_value' in 'SELECT'
[03-Apr-2026 15:49:58 Europe/Paris] Settings error [advisor_lastname]: SQLSTATE[42S22]: Column not found: 1054 Unknown column 'setting_value' in 'SELECT'
[03-Apr-2026 15:49:58 Europe/Paris] Settings error [advisor_firstname]: SQLSTATE[42S22]: Column not found: 1054 Unknown column 'setting_value' in 'SELECT'
[03-Apr-2026 15:49:58 Europe/Paris] Settings error [advisor_lastname]: SQLSTATE[42S22]: Column not found: 1054 Unknown column 'setting_value' in 'SELECT'
[03-Apr-2026 15:49:58 Europe/Paris] Settings error [advisor_title]: SQLSTATE[42S22]: Column not found: 1054 Unknown column 'setting_value' in 'SELECT'
[03-Apr-2026 15:49:58 Europe/Paris] Settings error [advisor_tagline]: SQLSTATE[42S22]: Column not found: 1054 Unknown column 'setting_value' in 'SELECT'
[03-Apr-2026 15:49:58 Europe/Paris] Settings error [zone_city]: SQLSTATE[42S22]: Column not found: 1054 Unknown column 'setting_value' in 'SELECT'
[03-Apr-2026 15:49:58 Europe/Paris] Settings error [advisor_firstname]: SQLSTATE[42S22]: Column not found: 1054 Unknown column 'setting_value' in 'SELECT'
[03-Apr-2026 15:49:58 Europe/Paris] Settings error [advisor_lastname]: SQLSTATE[42S22]: Column not found: 1054 Unknown column 'setting_value' in 'SELECT'
[03-Apr-2026 15:49:58 Europe/Paris] Settings error [zone_city]: SQLSTATE[42S22]: Column not found: 1054 Unknown column 'setting_value' in 'SELECT'
[03-Apr-2026 15:50:24 Europe/Paris] Settings error [advisor_firstname]: SQLSTATE[42S22]: Column not found: 1054 Unknown column 'setting_value' in 'SELECT'
[03-Apr-2026 15:50:24 Europe/Paris] Settings error [advisor_lastname]: SQLSTATE[42S22]: Column not found: 1054 Unknown column 'setting_value' in 'SELECT'
[03-Apr-2026 15:50:24 Europe/Paris] Settings error [zone_city]: SQLSTATE[42S22]: Column not found: 1054 Unknown column 'setting_value' in 'SELECT'
[03-Apr-2026 15:50:24 Europe/Paris] Settings error [zone_neighborhoods]: SQLSTATE[42S22]: Column not found: 1054 Unknown column 'setting_value' in 'SELECT'
[03-Apr-2026 15:50:24 Europe/Paris] Settings error [agency_name]: SQLSTATE[42S22]: Column not found: 1054 Unknown column 'setting_value' in 'SELECT'
[03-Apr-2026 15:50:24 Europe/Paris] Settings error [advisor_email]: SQLSTATE[42S22]: Column not found: 1054 Unknown column 'setting_value' in 'SELECT'
[03-Apr-2026 15:50:24 Europe/Paris] Settings error [advisor_phone]: SQLSTATE[42S22]: Column not found: 1054 Unknown column 'setting_value' in 'SELECT'
[03-Apr-2026 15:50:24 Europe/Paris] Settings error [tech_app_url]: SQLSTATE[42S22]: Column not found: 1054 Unknown column 'setting_value' in 'SELECT'
[03-Apr-2026 15:50:24 Europe/Paris] Settings error [advisor_photo]: SQLSTATE[42S22]: Column not found: 1054 Unknown column 'setting_value' in 'SELECT'
[03-Apr-2026 15:50:24 Europe/Paris] Settings error [agency_name]: SQLSTATE[42S22]: Column not found: 1054 Unknown column 'setting_value' in 'SELECT'
[03-Apr-2026 15:50:24 Europe/Paris] Settings error [advisor_email]: SQLSTATE[42S22]: Column not found: 1054 Unknown column 'setting_value' in 'SELECT'
[03-Apr-2026 15:50:24 Europe/Paris] Settings error [tech_app_url]: SQLSTATE[42S22]: Column not found: 1054 Unknown column 'setting_value' in 'SELECT'
[03-Apr-2026 15:50:24 Europe/Paris] Settings error [advisor_photo]: SQLSTATE[42S22]: Column not found: 1054 Unknown column 'setting_value' in 'SELECT'
[03-Apr-2026 15:50:24 Europe/Paris] Settings error [advisor_firstname]: SQLSTATE[42S22]: Column not found: 1054 Unknown column 'setting_value' in 'SELECT'
[03-Apr-2026 15:50:24 Europe/Paris] Settings error [advisor_lastname]: SQLSTATE[42S22]: Column not found: 1054 Unknown column 'setting_value' in 'SELECT'
[03-Apr-2026 15:50:24 Europe/Paris] Settings error [zone_city]: SQLSTATE[42S22]: Column not found: 1054 Unknown column 'setting_value' in 'SELECT'
[03-Apr-2026 15:50:24 Europe/Paris] Settings error [zone_neighborhoods]: SQLSTATE[42S22]: Column not found: 1054 Unknown column 'setting_value' in 'SELECT'
[03-Apr-2026 15:50:24 Europe/Paris] Settings error [agency_name]: SQLSTATE[42S22]: Column not found: 1054 Unknown column 'setting_value' in 'SELECT'
[03-Apr-2026 15:50:24 Europe/Paris] Settings error [advisor_email]: SQLSTATE[42S22]: Column not found: 1054 Unknown column 'setting_value' in 'SELECT'
[03-Apr-2026 15:50:24 Europe/Paris] Settings error [advisor_phone]: SQLSTATE[42S22]: Column not found: 1054 Unknown column 'setting_value' in 'SELECT'
[03-Apr-2026 15:50:24 Europe/Paris] Settings error [tech_app_url]: SQLSTATE[42S22]: Column not found: 1054 Unknown column 'setting_value' in 'SELECT'
[03-Apr-2026 15:50:24 Europe/Paris] Settings error [advisor_photo]: SQLSTATE[42S22]: Column not found: 1054 Unknown column 'setting_value' in 'SELECT'
[03-Apr-2026 15:50:24 Europe/Paris] Settings error [agency_name]: SQLSTATE[42S22]: Column not found: 1054 Unknown column 'setting_value' in 'SELECT'
[03-Apr-2026 15:50:24 Europe/Paris] Settings error [advisor_email]: SQLSTATE[42S22]: Column not found: 1054 Unknown column 'setting_value' in 'SELECT'
[03-Apr-2026 15:50:24 Europe/Paris] Settings error [tech_app_url]: SQLSTATE[42S22]: Column not found: 1054 Unknown column 'setting_value' in 'SELECT'
[03-Apr-2026 15:50:24 Europe/Paris] Settings error [advisor_photo]: SQLSTATE[42S22]: Column not found: 1054 Unknown column 'setting_value' in 'SELECT'
[03-Apr-2026 15:50:24 Europe/Paris] Settings error [advisor_firstname]: SQLSTATE[42S22]: Column not found: 1054 Unknown column 'setting_value' in 'SELECT'
[03-Apr-2026 15:50:24 Europe/Paris] Settings error [advisor_lastname]: SQLSTATE[42S22]: Column not found: 1054 Unknown column 'setting_value' in 'SELECT'
[03-Apr-2026 15:50:24 Europe/Paris] Settings error [zone_city]: SQLSTATE[42S22]: Column not found: 1054 Unknown column 'setting_value' in 'SELECT'
[03-Apr-2026 15:50:24 Europe/Paris] Settings error [zone_neighborhoods]: SQLSTATE[42S22]: Column not found: 1054 Unknown column 'setting_value' in 'SELECT'
[03-Apr-2026 15:50:24 Europe/Paris] Settings error [agency_name]: SQLSTATE[42S22]: Column not found: 1054 Unknown column 'setting_value' in 'SELECT'
[03-Apr-2026 15:50:24 Europe/Paris] Settings error [advisor_email]: SQLSTATE[42S22]: Column not found: 1054 Unknown column 'setting_value' in 'SELECT'
[03-Apr-2026 15:50:24 Europe/Paris] Settings error [advisor_phone]: SQLSTATE[42S22]: Column not found: 1054 Unknown column 'setting_value' in 'SELECT'
[03-Apr-2026 15:50:24 Europe/Paris] Settings error [tech_app_url]: SQLSTATE[42S22]: Column not found: 1054 Unknown column 'setting_value' in 'SELECT'
[03-Apr-2026 15:50:24 Europe/Paris] Settings error [advisor_photo]: SQLSTATE[42S22]: Column not found: 1054 Unknown column 'setting_value' in 'SELECT'
[03-Apr-2026 15:50:24 Europe/Paris] Settings error [agency_name]: SQLSTATE[42S22]: Column not found: 1054 Unknown column 'setting_value' in 'SELECT'
[03-Apr-2026 15:50:24 Europe/Paris] Settings error [advisor_email]: SQLSTATE[42S22]: Column not found: 1054 Unknown column 'setting_value' in 'SELECT'
[03-Apr-2026 15:50:24 Europe/Paris] Settings error [tech_app_url]: SQLSTATE[42S22]: Column not found: 1054 Unknown column 'setting_value' in 'SELECT'
[03-Apr-2026 15:50:24 Europe/Paris] Settings error [advisor_photo]: SQLSTATE[42S22]: Column not found: 1054 Unknown column 'setting_value' in 'SELECT'
[03-Apr-2026 15:50:24 Europe/Paris] Settings error [zone_city]: SQLSTATE[42S22]: Column not found: 1054 Unknown column 'setting_value' in 'SELECT'
[03-Apr-2026 15:50:24 Europe/Paris] Settings error [site_meta_description]: SQLSTATE[42S22]: Column not found: 1054 Unknown column 'setting_value' in 'SELECT'
[03-Apr-2026 15:50:24 Europe/Paris] Settings error [advisor_firstname]: SQLSTATE[42S22]: Column not found: 1054 Unknown column 'setting_value' in 'SELECT'
[03-Apr-2026 15:50:24 Europe/Paris] Settings error [advisor_lastname]: SQLSTATE[42S22]: Column not found: 1054 Unknown column 'setting_value' in 'SELECT'
[03-Apr-2026 15:50:24 Europe/Paris] Settings error [advisor_firstname]: SQLSTATE[42S22]: Column not found: 1054 Unknown column 'setting_value' in 'SELECT'
[03-Apr-2026 15:50:24 Europe/Paris] Settings error [advisor_lastname]: SQLSTATE[42S22]: Column not found: 1054 Unknown column 'setting_value' in 'SELECT'
[03-Apr-2026 15:50:24 Europe/Paris] Settings error [advisor_title]: SQLSTATE[42S22]: Column not found: 1054 Unknown column 'setting_value' in 'SELECT'
[03-Apr-2026 15:50:24 Europe/Paris] Settings error [advisor_tagline]: SQLSTATE[42S22]: Column not found: 1054 Unknown column 'setting_value' in 'SELECT'
[03-Apr-2026 15:50:24 Europe/Paris] Settings error [zone_city]: SQLSTATE[42S22]: Column not found: 1054 Unknown column 'setting_value' in 'SELECT'
[03-Apr-2026 15:50:24 Europe/Paris] Settings error [advisor_firstname]: SQLSTATE[42S22]: Column not found: 1054 Unknown column 'setting_value' in 'SELECT'
[03-Apr-2026 15:50:24 Europe/Paris] Settings error [advisor_lastname]: SQLSTATE[42S22]: Column not found: 1054 Unknown column 'setting_value' in 'SELECT'
[03-Apr-2026 15:50:24 Europe/Paris] Settings error [zone_city]: SQLSTATE[42S22]: Column not found: 1054 Unknown column 'setting_value' in 'SELECT'
[03-Apr-2026 15:50:25 Europe/Paris] Settings error [advisor_firstname]: SQLSTATE[42S22]: Column not found: 1054 Unknown column 'setting_value' in 'SELECT'
[03-Apr-2026 15:50:25 Europe/Paris] Settings error [advisor_lastname]: SQLSTATE[42S22]: Column not found: 1054 Unknown column 'setting_value' in 'SELECT'
[03-Apr-2026 15:50:25 Europe/Paris] Settings error [zone_city]: SQLSTATE[42S22]: Column not found: 1054 Unknown column 'setting_value' in 'SELECT'
[03-Apr-2026 15:50:25 Europe/Paris] Settings error [zone_neighborhoods]: SQLSTATE[42S22]: Column not found: 1054 Unknown column 'setting_value' in 'SELECT'
[03-Apr-2026 15:50:25 Europe/Paris] Settings error [agency_name]: SQLSTATE[42S22]: Column not found: 1054 Unknown column 'setting_value' in 'SELECT'
[03-Apr-2026 15:50:25 Europe/Paris] Settings error [advisor_email]: SQLSTATE[42S22]: Column not found: 1054 Unknown column 'setting_value' in 'SELECT'
[03-Apr-2026 15:50:25 Europe/Paris] Settings error [advisor_phone]: SQLSTATE[42S22]: Column not found: 1054 Unknown column 'setting_value' in 'SELECT'
[03-Apr-2026 15:50:25 Europe/Paris] Settings error [tech_app_url]: SQLSTATE[42S22]: Column not found: 1054 Unknown column 'setting_value' in 'SELECT'
[03-Apr-2026 15:50:25 Europe/Paris] Settings error [advisor_photo]: SQLSTATE[42S22]: Column not found: 1054 Unknown column 'setting_value' in 'SELECT'
[03-Apr-2026 15:50:25 Europe/Paris] Settings error [agency_name]: SQLSTATE[42S22]: Column not found: 1054 Unknown column 'setting_value' in 'SELECT'
[03-Apr-2026 15:50:25 Europe/Paris] Settings error [advisor_email]: SQLSTATE[42S22]: Column not found: 1054 Unknown column 'setting_value' in 'SELECT'
[03-Apr-2026 15:50:25 Europe/Paris] Settings error [tech_app_url]: SQLSTATE[42S22]: Column not found: 1054 Unknown column 'setting_value' in 'SELECT'
[03-Apr-2026 15:50:25 Europe/Paris] Settings error [advisor_photo]: SQLSTATE[42S22]: Column not found: 1054 Unknown column 'setting_value' in 'SELECT'
[03-Apr-2026 15:50:25 Europe/Paris] Settings error [advisor_firstname]: SQLSTATE[42S22]: Column not found: 1054 Unknown column 'setting_value' in 'SELECT'
[03-Apr-2026 15:50:25 Europe/Paris] Settings error [advisor_lastname]: SQLSTATE[42S22]: Column not found: 1054 Unknown column 'setting_value' in 'SELECT'
[03-Apr-2026 15:50:25 Europe/Paris] Settings error [zone_city]: SQLSTATE[42S22]: Column not found: 1054 Unknown column 'setting_value' in 'SELECT'
[03-Apr-2026 15:50:25 Europe/Paris] Settings error [zone_neighborhoods]: SQLSTATE[42S22]: Column not found: 1054 Unknown column 'setting_value' in 'SELECT'
[03-Apr-2026 15:50:25 Europe/Paris] Settings error [agency_name]: SQLSTATE[42S22]: Column not found: 1054 Unknown column 'setting_value' in 'SELECT'
[03-Apr-2026 15:50:25 Europe/Paris] Settings error [advisor_email]: SQLSTATE[42S22]: Column not found: 1054 Unknown column 'setting_value' in 'SELECT'
[03-Apr-2026 15:50:25 Europe/Paris] Settings error [advisor_phone]: SQLSTATE[42S22]: Column not found: 1054 Unknown column 'setting_value' in 'SELECT'
[03-Apr-2026 15:50:25 Europe/Paris] Settings error [tech_app_url]: SQLSTATE[42S22]: Column not found: 1054 Unknown column 'setting_value' in 'SELECT'
[03-Apr-2026 15:50:25 Europe/Paris] Settings error [advisor_photo]: SQLSTATE[42S22]: Column not found: 1054 Unknown column 'setting_value' in 'SELECT'
[03-Apr-2026 15:50:25 Europe/Paris] Settings error [agency_name]: SQLSTATE[42S22]: Column not found: 1054 Unknown column 'setting_value' in 'SELECT'
[03-Apr-2026 15:50:25 Europe/Paris] Settings error [advisor_email]: SQLSTATE[42S22]: Column not found: 1054 Unknown column 'setting_value' in 'SELECT'
[03-Apr-2026 15:50:25 Europe/Paris] Settings error [tech_app_url]: SQLSTATE[42S22]: Column not found: 1054 Unknown column 'setting_value' in 'SELECT'
[03-Apr-2026 15:50:25 Europe/Paris] Settings error [advisor_photo]: SQLSTATE[42S22]: Column not found: 1054 Unknown column 'setting_value' in 'SELECT'
[03-Apr-2026 15:50:25 Europe/Paris] Settings error [advisor_firstname]: SQLSTATE[42S22]: Column not found: 1054 Unknown column 'setting_value' in 'SELECT'
[03-Apr-2026 15:50:25 Europe/Paris] Settings error [advisor_lastname]: SQLSTATE[42S22]: Column not found: 1054 Unknown column 'setting_value' in 'SELECT'
[03-Apr-2026 15:50:25 Europe/Paris] Settings error [zone_city]: SQLSTATE[42S22]: Column not found: 1054 Unknown column 'setting_value' in 'SELECT'
[03-Apr-2026 15:50:25 Europe/Paris] Settings error [zone_neighborhoods]: SQLSTATE[42S22]: Column not found: 1054 Unknown column 'setting_value' in 'SELECT'
[03-Apr-2026 15:50:25 Europe/Paris] Settings error [agency_name]: SQLSTATE[42S22]: Column not found: 1054 Unknown column 'setting_value' in 'SELECT'
[03-Apr-2026 15:50:25 Europe/Paris] Settings error [advisor_email]: SQLSTATE[42S22]: Column not found: 1054 Unknown column 'setting_value' in 'SELECT'
[03-Apr-2026 15:50:25 Europe/Paris] Settings error [advisor_phone]: SQLSTATE[42S22]: Column not found: 1054 Unknown column 'setting_value' in 'SELECT'
[03-Apr-2026 15:50:25 Europe/Paris] Settings error [tech_app_url]: SQLSTATE[42S22]: Column not found: 1054 Unknown column 'setting_value' in 'SELECT'
[03-Apr-2026 15:50:25 Europe/Paris] Settings error [advisor_photo]: SQLSTATE[42S22]: Column not found: 1054 Unknown column 'setting_value' in 'SELECT'
[03-Apr-2026 15:50:25 Europe/Paris] Settings error [agency_name]: SQLSTATE[42S22]: Column not found: 1054 Unknown column 'setting_value' in 'SELECT'
[03-Apr-2026 15:50:25 Europe/Paris] Settings error [advisor_email]: SQLSTATE[42S22]: Column not found: 1054 Unknown column 'setting_value' in 'SELECT'
[03-Apr-2026 15:50:25 Europe/Paris] Settings error [tech_app_url]: SQLSTATE[42S22]: Column not found: 1054 Unknown column 'setting_value' in 'SELECT'
[03-Apr-2026 15:50:25 Europe/Paris] Settings error [advisor_photo]: SQLSTATE[42S22]: Column not found: 1054 Unknown column 'setting_value' in 'SELECT'
[03-Apr-2026 15:50:25 Europe/Paris] Settings error [zone_city]: SQLSTATE[42S22]: Column not found: 1054 Unknown column 'setting_value' in 'SELECT'
[03-Apr-2026 15:50:25 Europe/Paris] Settings error [site_meta_description]: SQLSTATE[42S22]: Column not found: 1054 Unknown column 'setting_value' in 'SELECT'
[03-Apr-2026 15:50:25 Europe/Paris] Settings error [advisor_firstname]: SQLSTATE[42S22]: Column not found: 1054 Unknown column 'setting_value' in 'SELECT'
[03-Apr-2026 15:50:25 Europe/Paris] Settings error [advisor_lastname]: SQLSTATE[42S22]: Column not found: 1054 Unknown column 'setting_value' in 'SELECT'
[03-Apr-2026 15:50:25 Europe/Paris] Settings error [advisor_firstname]: SQLSTATE[42S22]: Column not found: 1054 Unknown column 'setting_value' in 'SELECT'
[03-Apr-2026 15:50:25 Europe/Paris] Settings error [advisor_lastname]: SQLSTATE[42S22]: Column not found: 1054 Unknown column 'setting_value' in 'SELECT'
[03-Apr-2026 15:50:25 Europe/Paris] Settings error [advisor_title]: SQLSTATE[42S22]: Column not found: 1054 Unknown column 'setting_value' in 'SELECT'
[03-Apr-2026 15:50:25 Europe/Paris] Settings error [advisor_tagline]: SQLSTATE[42S22]: Column not found: 1054 Unknown column 'setting_value' in 'SELECT'
[03-Apr-2026 15:50:25 Europe/Paris] Settings error [zone_city]: SQLSTATE[42S22]: Column not found: 1054 Unknown column 'setting_value' in 'SELECT'
[03-Apr-2026 15:50:25 Europe/Paris] Settings error [advisor_firstname]: SQLSTATE[42S22]: Column not found: 1054 Unknown column 'setting_value' in 'SELECT'
[03-Apr-2026 15:50:25 Europe/Paris] Settings error [advisor_lastname]: SQLSTATE[42S22]: Column not found: 1054 Unknown column 'setting_value' in 'SELECT'
[03-Apr-2026 15:50:25 Europe/Paris] Settings error [zone_city]: SQLSTATE[42S22]: Column not found: 1054 Unknown column 'setting_value' in 'SELECT'
[03-Apr-2026 15:50:26 Europe/Paris] Settings error [advisor_firstname]: SQLSTATE[42S22]: Column not found: 1054 Unknown column 'setting_value' in 'SELECT'
[03-Apr-2026 15:50:26 Europe/Paris] Settings error [advisor_lastname]: SQLSTATE[42S22]: Column not found: 1054 Unknown column 'setting_value' in 'SELECT'
[03-Apr-2026 15:50:26 Europe/Paris] Settings error [zone_city]: SQLSTATE[42S22]: Column not found: 1054 Unknown column 'setting_value' in 'SELECT'
[03-Apr-2026 15:50:26 Europe/Paris] Settings error [zone_neighborhoods]: SQLSTATE[42S22]: Column not found: 1054 Unknown column 'setting_value' in 'SELECT'
[03-Apr-2026 15:50:26 Europe/Paris] Settings error [agency_name]: SQLSTATE[42S22]: Column not found: 1054 Unknown column 'setting_value' in 'SELECT'
[03-Apr-2026 15:50:26 Europe/Paris] Settings error [advisor_email]: SQLSTATE[42S22]: Column not found: 1054 Unknown column 'setting_value' in 'SELECT'
[03-Apr-2026 15:50:26 Europe/Paris] Settings error [advisor_phone]: SQLSTATE[42S22]: Column not found: 1054 Unknown column 'setting_value' in 'SELECT'
[03-Apr-2026 15:50:26 Europe/Paris] Settings error [tech_app_url]: SQLSTATE[42S22]: Column not found: 1054 Unknown column 'setting_value' in 'SELECT'
[03-Apr-2026 15:50:26 Europe/Paris] Settings error [advisor_photo]: SQLSTATE[42S22]: Column not found: 1054 Unknown column 'setting_value' in 'SELECT'
[03-Apr-2026 15:50:26 Europe/Paris] Settings error [agency_name]: SQLSTATE[42S22]: Column not found: 1054 Unknown column 'setting_value' in 'SELECT'
[03-Apr-2026 15:50:26 Europe/Paris] Settings error [advisor_email]: SQLSTATE[42S22]: Column not found: 1054 Unknown column 'setting_value' in 'SELECT'
[03-Apr-2026 15:50:26 Europe/Paris] Settings error [tech_app_url]: SQLSTATE[42S22]: Column not found: 1054 Unknown column 'setting_value' in 'SELECT'
[03-Apr-2026 15:50:26 Europe/Paris] Settings error [advisor_photo]: SQLSTATE[42S22]: Column not found: 1054 Unknown column 'setting_value' in 'SELECT'
[03-Apr-2026 15:50:26 Europe/Paris] Settings error [advisor_firstname]: SQLSTATE[42S22]: Column not found: 1054 Unknown column 'setting_value' in 'SELECT'
[03-Apr-2026 15:50:26 Europe/Paris] Settings error [advisor_lastname]: SQLSTATE[42S22]: Column not found: 1054 Unknown column 'setting_value' in 'SELECT'
[03-Apr-2026 15:50:26 Europe/Paris] Settings error [zone_city]: SQLSTATE[42S22]: Column not found: 1054 Unknown column 'setting_value' in 'SELECT'
[03-Apr-2026 15:50:26 Europe/Paris] Settings error [zone_neighborhoods]: SQLSTATE[42S22]: Column not found: 1054 Unknown column 'setting_value' in 'SELECT'
[03-Apr-2026 15:50:26 Europe/Paris] Settings error [agency_name]: SQLSTATE[42S22]: Column not found: 1054 Unknown column 'setting_value' in 'SELECT'
[03-Apr-2026 15:50:26 Europe/Paris] Settings error [advisor_email]: SQLSTATE[42S22]: Column not found: 1054 Unknown column 'setting_value' in 'SELECT'
[03-Apr-2026 15:50:26 Europe/Paris] Settings error [advisor_phone]: SQLSTATE[42S22]: Column not found: 1054 Unknown column 'setting_value' in 'SELECT'
[03-Apr-2026 15:50:26 Europe/Paris] Settings error [tech_app_url]: SQLSTATE[42S22]: Column not found: 1054 Unknown column 'setting_value' in 'SELECT'
[03-Apr-2026 15:50:26 Europe/Paris] Settings error [advisor_photo]: SQLSTATE[42S22]: Column not found: 1054 Unknown column 'setting_value' in 'SELECT'
[03-Apr-2026 15:50:26 Europe/Paris] Settings error [agency_name]: SQLSTATE[42S22]: Column not found: 1054 Unknown column 'setting_value' in 'SELECT'
[03-Apr-2026 15:50:26 Europe/Paris] Settings error [advisor_email]: SQLSTATE[42S22]: Column not found: 1054 Unknown column 'setting_value' in 'SELECT'
[03-Apr-2026 15:50:26 Europe/Paris] Settings error [tech_app_url]: SQLSTATE[42S22]: Column not found: 1054 Unknown column 'setting_value' in 'SELECT'
[03-Apr-2026 15:50:26 Europe/Paris] Settings error [advisor_photo]: SQLSTATE[42S22]: Column not found: 1054 Unknown column 'setting_value' in 'SELECT'
[03-Apr-2026 15:50:26 Europe/Paris] Settings error [advisor_firstname]: SQLSTATE[42S22]: Column not found: 1054 Unknown column 'setting_value' in 'SELECT'
[03-Apr-2026 15:50:26 Europe/Paris] Settings error [advisor_lastname]: SQLSTATE[42S22]: Column not found: 1054 Unknown column 'setting_value' in 'SELECT'
[03-Apr-2026 15:50:26 Europe/Paris] Settings error [zone_city]: SQLSTATE[42S22]: Column not found: 1054 Unknown column 'setting_value' in 'SELECT'
[03-Apr-2026 15:50:26 Europe/Paris] Settings error [zone_neighborhoods]: SQLSTATE[42S22]: Column not found: 1054 Unknown column 'setting_value' in 'SELECT'
[03-Apr-2026 15:50:26 Europe/Paris] Settings error [agency_name]: SQLSTATE[42S22]: Column not found: 1054 Unknown column 'setting_value' in 'SELECT'
[03-Apr-2026 15:50:26 Europe/Paris] Settings error [advisor_email]: SQLSTATE[42S22]: Column not found: 1054 Unknown column 'setting_value' in 'SELECT'
[03-Apr-2026 15:50:26 Europe/Paris] Settings error [advisor_phone]: SQLSTATE[42S22]: Column not found: 1054 Unknown column 'setting_value' in 'SELECT'
[03-Apr-2026 15:50:26 Europe/Paris] Settings error [tech_app_url]: SQLSTATE[42S22]: Column not found: 1054 Unknown column 'setting_value' in 'SELECT'
[03-Apr-2026 15:50:26 Europe/Paris] Settings error [advisor_photo]: SQLSTATE[42S22]: Column not found: 1054 Unknown column 'setting_value' in 'SELECT'
[03-Apr-2026 15:50:26 Europe/Paris] Settings error [agency_name]: SQLSTATE[42S22]: Column not found: 1054 Unknown column 'setting_value' in 'SELECT'
[03-Apr-2026 15:50:26 Europe/Paris] Settings error [advisor_email]: SQLSTATE[42S22]: Column not found: 1054 Unknown column 'setting_value' in 'SELECT'
[03-Apr-2026 15:50:26 Europe/Paris] Settings error [tech_app_url]: SQLSTATE[42S22]: Column not found: 1054 Unknown column 'setting_value' in 'SELECT'
[03-Apr-2026 15:50:26 Europe/Paris] Settings error [advisor_photo]: SQLSTATE[42S22]: Column not found: 1054 Unknown column 'setting_value' in 'SELECT'
[03-Apr-2026 15:50:26 Europe/Paris] Settings error [zone_city]: SQLSTATE[42S22]: Column not found: 1054 Unknown column 'setting_value' in 'SELECT'
[03-Apr-2026 15:50:26 Europe/Paris] Settings error [site_meta_description]: SQLSTATE[42S22]: Column not found: 1054 Unknown column 'setting_value' in 'SELECT'
[03-Apr-2026 15:50:26 Europe/Paris] Settings error [advisor_firstname]: SQLSTATE[42S22]: Column not found: 1054 Unknown column 'setting_value' in 'SELECT'
[03-Apr-2026 15:50:26 Europe/Paris] Settings error [advisor_lastname]: SQLSTATE[42S22]: Column not found: 1054 Unknown column 'setting_value' in 'SELECT'
[03-Apr-2026 15:50:26 Europe/Paris] Settings error [advisor_firstname]: SQLSTATE[42S22]: Column not found: 1054 Unknown column 'setting_value' in 'SELECT'
[03-Apr-2026 15:50:26 Europe/Paris] Settings error [advisor_lastname]: SQLSTATE[42S22]: Column not found: 1054 Unknown column 'setting_value' in 'SELECT'
[03-Apr-2026 15:50:26 Europe/Paris] Settings error [advisor_title]: SQLSTATE[42S22]: Column not found: 1054 Unknown column 'setting_value' in 'SELECT'
[03-Apr-2026 15:50:26 Europe/Paris] Settings error [advisor_tagline]: SQLSTATE[42S22]: Column not found: 1054 Unknown column 'setting_value' in 'SELECT'
[03-Apr-2026 15:50:26 Europe/Paris] Settings error [zone_city]: SQLSTATE[42S22]: Column not found: 1054 Unknown column 'setting_value' in 'SELECT'
[03-Apr-2026 15:50:26 Europe/Paris] Settings error [advisor_firstname]: SQLSTATE[42S22]: Column not found: 1054 Unknown column 'setting_value' in 'SELECT'
[03-Apr-2026 15:50:26 Europe/Paris] Settings error [advisor_lastname]: SQLSTATE[42S22]: Column not found: 1054 Unknown column 'setting_value' in 'SELECT'
[03-Apr-2026 15:50:26 Europe/Paris] Settings error [zone_city]: SQLSTATE[42S22]: Column not found: 1054 Unknown column 'setting_value' in 'SELECT'
[03-Apr-2026 15:56:46 Europe/Paris] Settings error [advisor_firstname]: SQLSTATE[42S22]: Column not found: 1054 Unknown column 'setting_value' in 'SELECT'
[03-Apr-2026 15:56:46 Europe/Paris] Settings error [advisor_lastname]: SQLSTATE[42S22]: Column not found: 1054 Unknown column 'setting_value' in 'SELECT'
[03-Apr-2026 15:56:46 Europe/Paris] Settings error [zone_city]: SQLSTATE[42S22]: Column not found: 1054 Unknown column 'setting_value' in 'SELECT'
[03-Apr-2026 15:56:46 Europe/Paris] Settings error [zone_neighborhoods]: SQLSTATE[42S22]: Column not found: 1054 Unknown column 'setting_value' in 'SELECT'
[03-Apr-2026 15:56:46 Europe/Paris] Settings error [agency_name]: SQLSTATE[42S22]: Column not found: 1054 Unknown column 'setting_value' in 'SELECT'
[03-Apr-2026 15:56:46 Europe/Paris] Settings error [advisor_email]: SQLSTATE[42S22]: Column not found: 1054 Unknown column 'setting_value' in 'SELECT'
[03-Apr-2026 15:56:46 Europe/Paris] Settings error [advisor_phone]: SQLSTATE[42S22]: Column not found: 1054 Unknown column 'setting_value' in 'SELECT'
[03-Apr-2026 15:56:46 Europe/Paris] Settings error [tech_app_url]: SQLSTATE[42S22]: Column not found: 1054 Unknown column 'setting_value' in 'SELECT'
[03-Apr-2026 15:56:46 Europe/Paris] Settings error [advisor_photo]: SQLSTATE[42S22]: Column not found: 1054 Unknown column 'setting_value' in 'SELECT'
[03-Apr-2026 15:56:46 Europe/Paris] Settings error [agency_name]: SQLSTATE[42S22]: Column not found: 1054 Unknown column 'setting_value' in 'SELECT'
[03-Apr-2026 15:56:46 Europe/Paris] Settings error [advisor_email]: SQLSTATE[42S22]: Column not found: 1054 Unknown column 'setting_value' in 'SELECT'
[03-Apr-2026 15:56:46 Europe/Paris] Settings error [tech_app_url]: SQLSTATE[42S22]: Column not found: 1054 Unknown column 'setting_value' in 'SELECT'
[03-Apr-2026 15:56:46 Europe/Paris] Settings error [advisor_photo]: SQLSTATE[42S22]: Column not found: 1054 Unknown column 'setting_value' in 'SELECT'
[03-Apr-2026 15:56:46 Europe/Paris] Settings error [advisor_firstname]: SQLSTATE[42S22]: Column not found: 1054 Unknown column 'setting_value' in 'SELECT'
[03-Apr-2026 15:56:46 Europe/Paris] Settings error [advisor_lastname]: SQLSTATE[42S22]: Column not found: 1054 Unknown column 'setting_value' in 'SELECT'
[03-Apr-2026 15:56:46 Europe/Paris] Settings error [zone_city]: SQLSTATE[42S22]: Column not found: 1054 Unknown column 'setting_value' in 'SELECT'
[03-Apr-2026 15:56:46 Europe/Paris] Settings error [zone_neighborhoods]: SQLSTATE[42S22]: Column not found: 1054 Unknown column 'setting_value' in 'SELECT'
[03-Apr-2026 15:56:46 Europe/Paris] Settings error [agency_name]: SQLSTATE[42S22]: Column not found: 1054 Unknown column 'setting_value' in 'SELECT'
[03-Apr-2026 15:56:46 Europe/Paris] Settings error [advisor_email]: SQLSTATE[42S22]: Column not found: 1054 Unknown column 'setting_value' in 'SELECT'
[03-Apr-2026 15:56:46 Europe/Paris] Settings error [advisor_phone]: SQLSTATE[42S22]: Column not found: 1054 Unknown column 'setting_value' in 'SELECT'
[03-Apr-2026 15:56:46 Europe/Paris] Settings error [tech_app_url]: SQLSTATE[42S22]: Column not found: 1054 Unknown column 'setting_value' in 'SELECT'
[03-Apr-2026 15:56:46 Europe/Paris] Settings error [advisor_photo]: SQLSTATE[42S22]: Column not found: 1054 Unknown column 'setting_value' in 'SELECT'
[03-Apr-2026 15:56:46 Europe/Paris] Settings error [agency_name]: SQLSTATE[42S22]: Column not found: 1054 Unknown column 'setting_value' in 'SELECT'
[03-Apr-2026 15:56:46 Europe/Paris] Settings error [advisor_email]: SQLSTATE[42S22]: Column not found: 1054 Unknown column 'setting_value' in 'SELECT'
[03-Apr-2026 15:56:46 Europe/Paris] Settings error [tech_app_url]: SQLSTATE[42S22]: Column not found: 1054 Unknown column 'setting_value' in 'SELECT'
[03-Apr-2026 15:56:46 Europe/Paris] Settings error [advisor_photo]: SQLSTATE[42S22]: Column not found: 1054 Unknown column 'setting_value' in 'SELECT'
[03-Apr-2026 15:56:46 Europe/Paris] Settings error [advisor_firstname]: SQLSTATE[42S22]: Column not found: 1054 Unknown column 'setting_value' in 'SELECT'
[03-Apr-2026 15:56:46 Europe/Paris] Settings error [advisor_lastname]: SQLSTATE[42S22]: Column not found: 1054 Unknown column 'setting_value' in 'SELECT'
[03-Apr-2026 15:56:46 Europe/Paris] Settings error [zone_city]: SQLSTATE[42S22]: Column not found: 1054 Unknown column 'setting_value' in 'SELECT'
[03-Apr-2026 15:56:46 Europe/Paris] Settings error [zone_neighborhoods]: SQLSTATE[42S22]: Column not found: 1054 Unknown column 'setting_value' in 'SELECT'
[03-Apr-2026 15:56:46 Europe/Paris] Settings error [agency_name]: SQLSTATE[42S22]: Column not found: 1054 Unknown column 'setting_value' in 'SELECT'
[03-Apr-2026 15:56:46 Europe/Paris] Settings error [advisor_email]: SQLSTATE[42S22]: Column not found: 1054 Unknown column 'setting_value' in 'SELECT'
[03-Apr-2026 15:56:46 Europe/Paris] Settings error [advisor_phone]: SQLSTATE[42S22]: Column not found: 1054 Unknown column 'setting_value' in 'SELECT'
[03-Apr-2026 15:56:46 Europe/Paris] Settings error [tech_app_url]: SQLSTATE[42S22]: Column not found: 1054 Unknown column 'setting_value' in 'SELECT'
[03-Apr-2026 15:56:46 Europe/Paris] Settings error [advisor_photo]: SQLSTATE[42S22]: Column not found: 1054 Unknown column 'setting_value' in 'SELECT'
[03-Apr-2026 15:56:46 Europe/Paris] Settings error [agency_name]: SQLSTATE[42S22]: Column not found: 1054 Unknown column 'setting_value' in 'SELECT'
[03-Apr-2026 15:56:46 Europe/Paris] Settings error [advisor_email]: SQLSTATE[42S22]: Column not found: 1054 Unknown column 'setting_value' in 'SELECT'
[03-Apr-2026 15:56:46 Europe/Paris] Settings error [tech_app_url]: SQLSTATE[42S22]: Column not found: 1054 Unknown column 'setting_value' in 'SELECT'
[03-Apr-2026 15:56:46 Europe/Paris] Settings error [advisor_photo]: SQLSTATE[42S22]: Column not found: 1054 Unknown column 'setting_value' in 'SELECT'
[03-Apr-2026 15:56:46 Europe/Paris] Settings error [zone_city]: SQLSTATE[42S22]: Column not found: 1054 Unknown column 'setting_value' in 'SELECT'
[03-Apr-2026 15:56:46 Europe/Paris] Settings error [site_meta_description]: SQLSTATE[42S22]: Column not found: 1054 Unknown column 'setting_value' in 'SELECT'
[03-Apr-2026 15:56:46 Europe/Paris] Settings error [advisor_firstname]: SQLSTATE[42S22]: Column not found: 1054 Unknown column 'setting_value' in 'SELECT'
[03-Apr-2026 15:56:46 Europe/Paris] Settings error [advisor_lastname]: SQLSTATE[42S22]: Column not found: 1054 Unknown column 'setting_value' in 'SELECT'
[03-Apr-2026 15:56:46 Europe/Paris] Settings error [advisor_firstname]: SQLSTATE[42S22]: Column not found: 1054 Unknown column 'setting_value' in 'SELECT'
[03-Apr-2026 15:56:46 Europe/Paris] Settings error [advisor_lastname]: SQLSTATE[42S22]: Column not found: 1054 Unknown column 'setting_value' in 'SELECT'
[03-Apr-2026 15:56:46 Europe/Paris] Settings error [advisor_title]: SQLSTATE[42S22]: Column not found: 1054 Unknown column 'setting_value' in 'SELECT'
[03-Apr-2026 15:56:46 Europe/Paris] Settings error [advisor_tagline]: SQLSTATE[42S22]: Column not found: 1054 Unknown column 'setting_value' in 'SELECT'
[03-Apr-2026 15:56:46 Europe/Paris] Settings error [zone_city]: SQLSTATE[42S22]: Column not found: 1054 Unknown column 'setting_value' in 'SELECT'
[03-Apr-2026 15:56:46 Europe/Paris] Settings error [advisor_firstname]: SQLSTATE[42S22]: Column not found: 1054 Unknown column 'setting_value' in 'SELECT'
[03-Apr-2026 15:56:46 Europe/Paris] Settings error [advisor_lastname]: SQLSTATE[42S22]: Column not found: 1054 Unknown column 'setting_value' in 'SELECT'
[03-Apr-2026 15:56:46 Europe/Paris] Settings error [zone_city]: SQLSTATE[42S22]: Column not found: 1054 Unknown column 'setting_value' in 'SELECT'
[03-Apr-2026 16:02:11 Europe/Paris] Settings error [advisor_firstname]: SQLSTATE[42S22]: Column not found: 1054 Unknown column 'setting_value' in 'SELECT'
[03-Apr-2026 16:02:11 Europe/Paris] Settings error [advisor_lastname]: SQLSTATE[42S22]: Column not found: 1054 Unknown column 'setting_value' in 'SELECT'
[03-Apr-2026 16:02:11 Europe/Paris] Settings error [zone_city]: SQLSTATE[42S22]: Column not found: 1054 Unknown column 'setting_value' in 'SELECT'
[03-Apr-2026 16:02:11 Europe/Paris] Settings error [zone_neighborhoods]: SQLSTATE[42S22]: Column not found: 1054 Unknown column 'setting_value' in 'SELECT'
[03-Apr-2026 16:02:11 Europe/Paris] Settings error [agency_name]: SQLSTATE[42S22]: Column not found: 1054 Unknown column 'setting_value' in 'SELECT'
[03-Apr-2026 16:02:11 Europe/Paris] Settings error [advisor_email]: SQLSTATE[42S22]: Column not found: 1054 Unknown column 'setting_value' in 'SELECT'
[03-Apr-2026 16:02:11 Europe/Paris] Settings error [advisor_phone]: SQLSTATE[42S22]: Column not found: 1054 Unknown column 'setting_value' in 'SELECT'
[03-Apr-2026 16:02:11 Europe/Paris] Settings error [tech_app_url]: SQLSTATE[42S22]: Column not found: 1054 Unknown column 'setting_value' in 'SELECT'
[03-Apr-2026 16:02:11 Europe/Paris] Settings error [advisor_photo]: SQLSTATE[42S22]: Column not found: 1054 Unknown column 'setting_value' in 'SELECT'
[03-Apr-2026 16:02:11 Europe/Paris] Settings error [agency_name]: SQLSTATE[42S22]: Column not found: 1054 Unknown column 'setting_value' in 'SELECT'
[03-Apr-2026 16:02:11 Europe/Paris] Settings error [advisor_email]: SQLSTATE[42S22]: Column not found: 1054 Unknown column 'setting_value' in 'SELECT'
[03-Apr-2026 16:02:11 Europe/Paris] Settings error [tech_app_url]: SQLSTATE[42S22]: Column not found: 1054 Unknown column 'setting_value' in 'SELECT'
[03-Apr-2026 16:02:11 Europe/Paris] Settings error [advisor_photo]: SQLSTATE[42S22]: Column not found: 1054 Unknown column 'setting_value' in 'SELECT'
[03-Apr-2026 16:02:11 Europe/Paris] Settings error [advisor_firstname]: SQLSTATE[42S22]: Column not found: 1054 Unknown column 'setting_value' in 'SELECT'
[03-Apr-2026 16:02:11 Europe/Paris] Settings error [advisor_lastname]: SQLSTATE[42S22]: Column not found: 1054 Unknown column 'setting_value' in 'SELECT'
[03-Apr-2026 16:02:11 Europe/Paris] Settings error [zone_city]: SQLSTATE[42S22]: Column not found: 1054 Unknown column 'setting_value' in 'SELECT'
[03-Apr-2026 16:02:11 Europe/Paris] Settings error [zone_neighborhoods]: SQLSTATE[42S22]: Column not found: 1054 Unknown column 'setting_value' in 'SELECT'
[03-Apr-2026 16:02:11 Europe/Paris] Settings error [agency_name]: SQLSTATE[42S22]: Column not found: 1054 Unknown column 'setting_value' in 'SELECT'
[03-Apr-2026 16:02:11 Europe/Paris] Settings error [advisor_email]: SQLSTATE[42S22]: Column not found: 1054 Unknown column 'setting_value' in 'SELECT'
[03-Apr-2026 16:02:11 Europe/Paris] Settings error [advisor_phone]: SQLSTATE[42S22]: Column not found: 1054 Unknown column 'setting_value' in 'SELECT'
[03-Apr-2026 16:02:11 Europe/Paris] Settings error [tech_app_url]: SQLSTATE[42S22]: Column not found: 1054 Unknown column 'setting_value' in 'SELECT'
[03-Apr-2026 16:02:11 Europe/Paris] Settings error [advisor_photo]: SQLSTATE[42S22]: Column not found: 1054 Unknown column 'setting_value' in 'SELECT'
[03-Apr-2026 16:02:11 Europe/Paris] Settings error [agency_name]: SQLSTATE[42S22]: Column not found: 1054 Unknown column 'setting_value' in 'SELECT'
[03-Apr-2026 16:02:11 Europe/Paris] Settings error [advisor_email]: SQLSTATE[42S22]: Column not found: 1054 Unknown column 'setting_value' in 'SELECT'
[03-Apr-2026 16:02:11 Europe/Paris] Settings error [tech_app_url]: SQLSTATE[42S22]: Column not found: 1054 Unknown column 'setting_value' in 'SELECT'
[03-Apr-2026 16:02:11 Europe/Paris] Settings error [advisor_photo]: SQLSTATE[42S22]: Column not found: 1054 Unknown column 'setting_value' in 'SELECT'
[03-Apr-2026 16:02:11 Europe/Paris] Settings error [advisor_firstname]: SQLSTATE[42S22]: Column not found: 1054 Unknown column 'setting_value' in 'SELECT'
[03-Apr-2026 16:02:11 Europe/Paris] Settings error [advisor_lastname]: SQLSTATE[42S22]: Column not found: 1054 Unknown column 'setting_value' in 'SELECT'
[03-Apr-2026 16:02:11 Europe/Paris] Settings error [zone_city]: SQLSTATE[42S22]: Column not found: 1054 Unknown column 'setting_value' in 'SELECT'
[03-Apr-2026 16:02:11 Europe/Paris] Settings error [zone_neighborhoods]: SQLSTATE[42S22]: Column not found: 1054 Unknown column 'setting_value' in 'SELECT'
[03-Apr-2026 16:02:11 Europe/Paris] Settings error [agency_name]: SQLSTATE[42S22]: Column not found: 1054 Unknown column 'setting_value' in 'SELECT'
[03-Apr-2026 16:02:11 Europe/Paris] Settings error [advisor_email]: SQLSTATE[42S22]: Column not found: 1054 Unknown column 'setting_value' in 'SELECT'
[03-Apr-2026 16:02:11 Europe/Paris] Settings error [advisor_phone]: SQLSTATE[42S22]: Column not found: 1054 Unknown column 'setting_value' in 'SELECT'
[03-Apr-2026 16:02:11 Europe/Paris] Settings error [tech_app_url]: SQLSTATE[42S22]: Column not found: 1054 Unknown column 'setting_value' in 'SELECT'
[03-Apr-2026 16:02:11 Europe/Paris] Settings error [advisor_photo]: SQLSTATE[42S22]: Column not found: 1054 Unknown column 'setting_value' in 'SELECT'
[03-Apr-2026 16:02:11 Europe/Paris] Settings error [agency_name]: SQLSTATE[42S22]: Column not found: 1054 Unknown column 'setting_value' in 'SELECT'
[03-Apr-2026 16:02:11 Europe/Paris] Settings error [advisor_email]: SQLSTATE[42S22]: Column not found: 1054 Unknown column 'setting_value' in 'SELECT'
[03-Apr-2026 16:02:11 Europe/Paris] Settings error [tech_app_url]: SQLSTATE[42S22]: Column not found: 1054 Unknown column 'setting_value' in 'SELECT'
[03-Apr-2026 16:02:11 Europe/Paris] Settings error [advisor_photo]: SQLSTATE[42S22]: Column not found: 1054 Unknown column 'setting_value' in 'SELECT'
[03-Apr-2026 16:02:11 Europe/Paris] Settings error [zone_city]: SQLSTATE[42S22]: Column not found: 1054 Unknown column 'setting_value' in 'SELECT'
[03-Apr-2026 16:02:11 Europe/Paris] Settings error [site_meta_description]: SQLSTATE[42S22]: Column not found: 1054 Unknown column 'setting_value' in 'SELECT'
[03-Apr-2026 16:02:11 Europe/Paris] Settings error [advisor_firstname]: SQLSTATE[42S22]: Column not found: 1054 Unknown column 'setting_value' in 'SELECT'
[03-Apr-2026 16:02:11 Europe/Paris] Settings error [advisor_lastname]: SQLSTATE[42S22]: Column not found: 1054 Unknown column 'setting_value' in 'SELECT'
[03-Apr-2026 16:02:11 Europe/Paris] Settings error [advisor_firstname]: SQLSTATE[42S22]: Column not found: 1054 Unknown column 'setting_value' in 'SELECT'
[03-Apr-2026 16:02:11 Europe/Paris] Settings error [advisor_lastname]: SQLSTATE[42S22]: Column not found: 1054 Unknown column 'setting_value' in 'SELECT'
[03-Apr-2026 16:02:11 Europe/Paris] Settings error [advisor_title]: SQLSTATE[42S22]: Column not found: 1054 Unknown column 'setting_value' in 'SELECT'
[03-Apr-2026 16:02:11 Europe/Paris] Settings error [advisor_tagline]: SQLSTATE[42S22]: Column not found: 1054 Unknown column 'setting_value' in 'SELECT'
[03-Apr-2026 16:02:11 Europe/Paris] Settings error [zone_city]: SQLSTATE[42S22]: Column not found: 1054 Unknown column 'setting_value' in 'SELECT'
[03-Apr-2026 16:02:11 Europe/Paris] Settings error [advisor_firstname]: SQLSTATE[42S22]: Column not found: 1054 Unknown column 'setting_value' in 'SELECT'
[03-Apr-2026 16:02:11 Europe/Paris] Settings error [advisor_lastname]: SQLSTATE[42S22]: Column not found: 1054 Unknown column 'setting_value' in 'SELECT'
[03-Apr-2026 16:02:11 Europe/Paris] Settings error [zone_city]: SQLSTATE[42S22]: Column not found: 1054 Unknown column 'setting_value' in 'SELECT'
[03-Apr-2026 16:03:32 Europe/Paris] Settings error [advisor_firstname]: SQLSTATE[42S22]: Column not found: 1054 Unknown column 'setting_value' in 'SELECT'
[03-Apr-2026 16:03:32 Europe/Paris] Settings error [advisor_lastname]: SQLSTATE[42S22]: Column not found: 1054 Unknown column 'setting_value' in 'SELECT'
[03-Apr-2026 16:03:32 Europe/Paris] Settings error [zone_city]: SQLSTATE[42S22]: Column not found: 1054 Unknown column 'setting_value' in 'SELECT'
[03-Apr-2026 16:03:32 Europe/Paris] Settings error [zone_neighborhoods]: SQLSTATE[42S22]: Column not found: 1054 Unknown column 'setting_value' in 'SELECT'
[03-Apr-2026 16:03:32 Europe/Paris] Settings error [agency_name]: SQLSTATE[42S22]: Column not found: 1054 Unknown column 'setting_value' in 'SELECT'
[03-Apr-2026 16:03:32 Europe/Paris] Settings error [advisor_email]: SQLSTATE[42S22]: Column not found: 1054 Unknown column 'setting_value' in 'SELECT'
[03-Apr-2026 16:03:32 Europe/Paris] Settings error [advisor_phone]: SQLSTATE[42S22]: Column not found: 1054 Unknown column 'setting_value' in 'SELECT'
[03-Apr-2026 16:03:32 Europe/Paris] Settings error [tech_app_url]: SQLSTATE[42S22]: Column not found: 1054 Unknown column 'setting_value' in 'SELECT'
[03-Apr-2026 16:03:32 Europe/Paris] Settings error [advisor_photo]: SQLSTATE[42S22]: Column not found: 1054 Unknown column 'setting_value' in 'SELECT'
[03-Apr-2026 16:03:32 Europe/Paris] Settings error [agency_name]: SQLSTATE[42S22]: Column not found: 1054 Unknown column 'setting_value' in 'SELECT'
[03-Apr-2026 16:03:32 Europe/Paris] Settings error [advisor_email]: SQLSTATE[42S22]: Column not found: 1054 Unknown column 'setting_value' in 'SELECT'
[03-Apr-2026 16:03:32 Europe/Paris] Settings error [tech_app_url]: SQLSTATE[42S22]: Column not found: 1054 Unknown column 'setting_value' in 'SELECT'
[03-Apr-2026 16:03:32 Europe/Paris] Settings error [advisor_photo]: SQLSTATE[42S22]: Column not found: 1054 Unknown column 'setting_value' in 'SELECT'
[03-Apr-2026 16:03:32 Europe/Paris] Settings error [advisor_firstname]: SQLSTATE[42S22]: Column not found: 1054 Unknown column 'setting_value' in 'SELECT'
[03-Apr-2026 16:03:32 Europe/Paris] Settings error [advisor_lastname]: SQLSTATE[42S22]: Column not found: 1054 Unknown column 'setting_value' in 'SELECT'
[03-Apr-2026 16:03:32 Europe/Paris] Settings error [zone_city]: SQLSTATE[42S22]: Column not found: 1054 Unknown column 'setting_value' in 'SELECT'
[03-Apr-2026 16:03:32 Europe/Paris] Settings error [zone_neighborhoods]: SQLSTATE[42S22]: Column not found: 1054 Unknown column 'setting_value' in 'SELECT'
[03-Apr-2026 16:03:32 Europe/Paris] Settings error [agency_name]: SQLSTATE[42S22]: Column not found: 1054 Unknown column 'setting_value' in 'SELECT'
[03-Apr-2026 16:03:32 Europe/Paris] Settings error [advisor_email]: SQLSTATE[42S22]: Column not found: 1054 Unknown column 'setting_value' in 'SELECT'
[03-Apr-2026 16:03:32 Europe/Paris] Settings error [advisor_phone]: SQLSTATE[42S22]: Column not found: 1054 Unknown column 'setting_value' in 'SELECT'
[03-Apr-2026 16:03:32 Europe/Paris] Settings error [tech_app_url]: SQLSTATE[42S22]: Column not found: 1054 Unknown column 'setting_value' in 'SELECT'
[03-Apr-2026 16:03:32 Europe/Paris] Settings error [advisor_photo]: SQLSTATE[42S22]: Column not found: 1054 Unknown column 'setting_value' in 'SELECT'
[03-Apr-2026 16:03:32 Europe/Paris] Settings error [agency_name]: SQLSTATE[42S22]: Column not found: 1054 Unknown column 'setting_value' in 'SELECT'
[03-Apr-2026 16:03:32 Europe/Paris] Settings error [advisor_email]: SQLSTATE[42S22]: Column not found: 1054 Unknown column 'setting_value' in 'SELECT'
[03-Apr-2026 16:03:32 Europe/Paris] Settings error [tech_app_url]: SQLSTATE[42S22]: Column not found: 1054 Unknown column 'setting_value' in 'SELECT'
[03-Apr-2026 16:03:32 Europe/Paris] Settings error [advisor_photo]: SQLSTATE[42S22]: Column not found: 1054 Unknown column 'setting_value' in 'SELECT'
[03-Apr-2026 16:03:32 Europe/Paris] Settings error [advisor_firstname]: SQLSTATE[42S22]: Column not found: 1054 Unknown column 'setting_value' in 'SELECT'
[03-Apr-2026 16:03:32 Europe/Paris] Settings error [advisor_lastname]: SQLSTATE[42S22]: Column not found: 1054 Unknown column 'setting_value' in 'SELECT'
[03-Apr-2026 16:03:32 Europe/Paris] Settings error [zone_city]: SQLSTATE[42S22]: Column not found: 1054 Unknown column 'setting_value' in 'SELECT'
[03-Apr-2026 16:03:32 Europe/Paris] Settings error [zone_neighborhoods]: SQLSTATE[42S22]: Column not found: 1054 Unknown column 'setting_value' in 'SELECT'
[03-Apr-2026 16:03:32 Europe/Paris] Settings error [agency_name]: SQLSTATE[42S22]: Column not found: 1054 Unknown column 'setting_value' in 'SELECT'
[03-Apr-2026 16:03:32 Europe/Paris] Settings error [advisor_email]: SQLSTATE[42S22]: Column not found: 1054 Unknown column 'setting_value' in 'SELECT'
[03-Apr-2026 16:03:32 Europe/Paris] Settings error [advisor_phone]: SQLSTATE[42S22]: Column not found: 1054 Unknown column 'setting_value' in 'SELECT'
[03-Apr-2026 16:03:32 Europe/Paris] Settings error [tech_app_url]: SQLSTATE[42S22]: Column not found: 1054 Unknown column 'setting_value' in 'SELECT'
[03-Apr-2026 16:03:32 Europe/Paris] Settings error [advisor_photo]: SQLSTATE[42S22]: Column not found: 1054 Unknown column 'setting_value' in 'SELECT'
[03-Apr-2026 16:03:32 Europe/Paris] Settings error [agency_name]: SQLSTATE[42S22]: Column not found: 1054 Unknown column 'setting_value' in 'SELECT'
[03-Apr-2026 16:03:32 Europe/Paris] Settings error [advisor_email]: SQLSTATE[42S22]: Column not found: 1054 Unknown column 'setting_value' in 'SELECT'
[03-Apr-2026 16:03:32 Europe/Paris] Settings error [tech_app_url]: SQLSTATE[42S22]: Column not found: 1054 Unknown column 'setting_value' in 'SELECT'
[03-Apr-2026 16:03:32 Europe/Paris] Settings error [advisor_photo]: SQLSTATE[42S22]: Column not found: 1054 Unknown column 'setting_value' in 'SELECT'
[03-Apr-2026 16:03:32 Europe/Paris] Settings error [zone_city]: SQLSTATE[42S22]: Column not found: 1054 Unknown column 'setting_value' in 'SELECT'
[03-Apr-2026 16:03:32 Europe/Paris] Settings error [site_meta_description]: SQLSTATE[42S22]: Column not found: 1054 Unknown column 'setting_value' in 'SELECT'
[03-Apr-2026 16:03:32 Europe/Paris] Settings error [advisor_firstname]: SQLSTATE[42S22]: Column not found: 1054 Unknown column 'setting_value' in 'SELECT'
[03-Apr-2026 16:03:32 Europe/Paris] Settings error [advisor_lastname]: SQLSTATE[42S22]: Column not found: 1054 Unknown column 'setting_value' in 'SELECT'
[03-Apr-2026 16:03:32 Europe/Paris] Settings error [advisor_firstname]: SQLSTATE[42S22]: Column not found: 1054 Unknown column 'setting_value' in 'SELECT'
[03-Apr-2026 16:03:32 Europe/Paris] Settings error [advisor_lastname]: SQLSTATE[42S22]: Column not found: 1054 Unknown column 'setting_value' in 'SELECT'
[03-Apr-2026 16:03:32 Europe/Paris] Settings error [advisor_title]: SQLSTATE[42S22]: Column not found: 1054 Unknown column 'setting_value' in 'SELECT'
[03-Apr-2026 16:03:32 Europe/Paris] Settings error [advisor_tagline]: SQLSTATE[42S22]: Column not found: 1054 Unknown column 'setting_value' in 'SELECT'
[03-Apr-2026 16:03:32 Europe/Paris] Settings error [zone_city]: SQLSTATE[42S22]: Column not found: 1054 Unknown column 'setting_value' in 'SELECT'
[03-Apr-2026 16:03:32 Europe/Paris] Settings error [advisor_firstname]: SQLSTATE[42S22]: Column not found: 1054 Unknown column 'setting_value' in 'SELECT'
[03-Apr-2026 16:03:32 Europe/Paris] Settings error [advisor_lastname]: SQLSTATE[42S22]: Column not found: 1054 Unknown column 'setting_value' in 'SELECT'
[03-Apr-2026 16:03:32 Europe/Paris] Settings error [zone_city]: SQLSTATE[42S22]: Column not found: 1054 Unknown column 'setting_value' in 'SELECT'
[03-Apr-2026 16:03:45 Europe/Paris] Settings error [advisor_firstname]: SQLSTATE[42S22]: Column not found: 1054 Unknown column 'setting_value' in 'SELECT'
[03-Apr-2026 16:03:45 Europe/Paris] Settings error [advisor_lastname]: SQLSTATE[42S22]: Column not found: 1054 Unknown column 'setting_value' in 'SELECT'
[03-Apr-2026 16:03:45 Europe/Paris] Settings error [zone_city]: SQLSTATE[42S22]: Column not found: 1054 Unknown column 'setting_value' in 'SELECT'
[03-Apr-2026 16:03:45 Europe/Paris] Settings error [zone_neighborhoods]: SQLSTATE[42S22]: Column not found: 1054 Unknown column 'setting_value' in 'SELECT'
[03-Apr-2026 16:03:45 Europe/Paris] Settings error [agency_name]: SQLSTATE[42S22]: Column not found: 1054 Unknown column 'setting_value' in 'SELECT'
[03-Apr-2026 16:03:45 Europe/Paris] Settings error [advisor_email]: SQLSTATE[42S22]: Column not found: 1054 Unknown column 'setting_value' in 'SELECT'
[03-Apr-2026 16:03:45 Europe/Paris] Settings error [advisor_phone]: SQLSTATE[42S22]: Column not found: 1054 Unknown column 'setting_value' in 'SELECT'
[03-Apr-2026 16:03:45 Europe/Paris] Settings error [tech_app_url]: SQLSTATE[42S22]: Column not found: 1054 Unknown column 'setting_value' in 'SELECT'
[03-Apr-2026 16:03:45 Europe/Paris] Settings error [advisor_photo]: SQLSTATE[42S22]: Column not found: 1054 Unknown column 'setting_value' in 'SELECT'
[03-Apr-2026 16:03:45 Europe/Paris] Settings error [agency_name]: SQLSTATE[42S22]: Column not found: 1054 Unknown column 'setting_value' in 'SELECT'
[03-Apr-2026 16:03:45 Europe/Paris] Settings error [advisor_email]: SQLSTATE[42S22]: Column not found: 1054 Unknown column 'setting_value' in 'SELECT'
[03-Apr-2026 16:03:45 Europe/Paris] Settings error [tech_app_url]: SQLSTATE[42S22]: Column not found: 1054 Unknown column 'setting_value' in 'SELECT'
[03-Apr-2026 16:03:45 Europe/Paris] Settings error [advisor_photo]: SQLSTATE[42S22]: Column not found: 1054 Unknown column 'setting_value' in 'SELECT'
[03-Apr-2026 16:03:45 Europe/Paris] Settings error [advisor_firstname]: SQLSTATE[42S22]: Column not found: 1054 Unknown column 'setting_value' in 'SELECT'
[03-Apr-2026 16:03:45 Europe/Paris] Settings error [advisor_lastname]: SQLSTATE[42S22]: Column not found: 1054 Unknown column 'setting_value' in 'SELECT'
[03-Apr-2026 16:03:45 Europe/Paris] Settings error [zone_city]: SQLSTATE[42S22]: Column not found: 1054 Unknown column 'setting_value' in 'SELECT'
[03-Apr-2026 16:03:45 Europe/Paris] Settings error [zone_neighborhoods]: SQLSTATE[42S22]: Column not found: 1054 Unknown column 'setting_value' in 'SELECT'
[03-Apr-2026 16:03:45 Europe/Paris] Settings error [agency_name]: SQLSTATE[42S22]: Column not found: 1054 Unknown column 'setting_value' in 'SELECT'
[03-Apr-2026 16:03:45 Europe/Paris] Settings error [advisor_email]: SQLSTATE[42S22]: Column not found: 1054 Unknown column 'setting_value' in 'SELECT'
[03-Apr-2026 16:03:45 Europe/Paris] Settings error [advisor_phone]: SQLSTATE[42S22]: Column not found: 1054 Unknown column 'setting_value' in 'SELECT'
[03-Apr-2026 16:03:45 Europe/Paris] Settings error [tech_app_url]: SQLSTATE[42S22]: Column not found: 1054 Unknown column 'setting_value' in 'SELECT'
[03-Apr-2026 16:03:45 Europe/Paris] Settings error [advisor_photo]: SQLSTATE[42S22]: Column not found: 1054 Unknown column 'setting_value' in 'SELECT'
[03-Apr-2026 16:03:45 Europe/Paris] Settings error [agency_name]: SQLSTATE[42S22]: Column not found: 1054 Unknown column 'setting_value' in 'SELECT'
[03-Apr-2026 16:03:45 Europe/Paris] Settings error [advisor_email]: SQLSTATE[42S22]: Column not found: 1054 Unknown column 'setting_value' in 'SELECT'
[03-Apr-2026 16:03:45 Europe/Paris] Settings error [tech_app_url]: SQLSTATE[42S22]: Column not found: 1054 Unknown column 'setting_value' in 'SELECT'
[03-Apr-2026 16:03:45 Europe/Paris] Settings error [advisor_photo]: SQLSTATE[42S22]: Column not found: 1054 Unknown column 'setting_value' in 'SELECT'
[03-Apr-2026 16:03:45 Europe/Paris] Settings error [advisor_firstname]: SQLSTATE[42S22]: Column not found: 1054 Unknown column 'setting_value' in 'SELECT'
[03-Apr-2026 16:03:45 Europe/Paris] Settings error [advisor_lastname]: SQLSTATE[42S22]: Column not found: 1054 Unknown column 'setting_value' in 'SELECT'
[03-Apr-2026 16:03:45 Europe/Paris] Settings error [zone_city]: SQLSTATE[42S22]: Column not found: 1054 Unknown column 'setting_value' in 'SELECT'
[03-Apr-2026 16:03:45 Europe/Paris] Settings error [zone_neighborhoods]: SQLSTATE[42S22]: Column not found: 1054 Unknown column 'setting_value' in 'SELECT'
[03-Apr-2026 16:03:45 Europe/Paris] Settings error [agency_name]: SQLSTATE[42S22]: Column not found: 1054 Unknown column 'setting_value' in 'SELECT'
[03-Apr-2026 16:03:45 Europe/Paris] Settings error [advisor_email]: SQLSTATE[42S22]: Column not found: 1054 Unknown column 'setting_value' in 'SELECT'
[03-Apr-2026 16:03:45 Europe/Paris] Settings error [advisor_phone]: SQLSTATE[42S22]: Column not found: 1054 Unknown column 'setting_value' in 'SELECT'
[03-Apr-2026 16:03:45 Europe/Paris] Settings error [tech_app_url]: SQLSTATE[42S22]: Column not found: 1054 Unknown column 'setting_value' in 'SELECT'
[03-Apr-2026 16:03:45 Europe/Paris] Settings error [advisor_photo]: SQLSTATE[42S22]: Column not found: 1054 Unknown column 'setting_value' in 'SELECT'
[03-Apr-2026 16:03:45 Europe/Paris] Settings error [agency_name]: SQLSTATE[42S22]: Column not found: 1054 Unknown column 'setting_value' in 'SELECT'
[03-Apr-2026 16:03:45 Europe/Paris] Settings error [advisor_email]: SQLSTATE[42S22]: Column not found: 1054 Unknown column 'setting_value' in 'SELECT'
[03-Apr-2026 16:03:45 Europe/Paris] Settings error [tech_app_url]: SQLSTATE[42S22]: Column not found: 1054 Unknown column 'setting_value' in 'SELECT'
[03-Apr-2026 16:03:45 Europe/Paris] Settings error [advisor_photo]: SQLSTATE[42S22]: Column not found: 1054 Unknown column 'setting_value' in 'SELECT'
[03-Apr-2026 16:03:45 Europe/Paris] Settings error [zone_city]: SQLSTATE[42S22]: Column not found: 1054 Unknown column 'setting_value' in 'SELECT'
[03-Apr-2026 16:03:45 Europe/Paris] Settings error [site_meta_description]: SQLSTATE[42S22]: Column not found: 1054 Unknown column 'setting_value' in 'SELECT'
[03-Apr-2026 16:03:45 Europe/Paris] Settings error [advisor_firstname]: SQLSTATE[42S22]: Column not found: 1054 Unknown column 'setting_value' in 'SELECT'
[03-Apr-2026 16:03:45 Europe/Paris] Settings error [advisor_lastname]: SQLSTATE[42S22]: Column not found: 1054 Unknown column 'setting_value' in 'SELECT'
[03-Apr-2026 16:03:45 Europe/Paris] Settings error [advisor_firstname]: SQLSTATE[42S22]: Column not found: 1054 Unknown column 'setting_value' in 'SELECT'
[03-Apr-2026 16:03:45 Europe/Paris] Settings error [advisor_lastname]: SQLSTATE[42S22]: Column not found: 1054 Unknown column 'setting_value' in 'SELECT'
[03-Apr-2026 16:03:45 Europe/Paris] Settings error [advisor_title]: SQLSTATE[42S22]: Column not found: 1054 Unknown column 'setting_value' in 'SELECT'
[03-Apr-2026 16:03:45 Europe/Paris] Settings error [advisor_tagline]: SQLSTATE[42S22]: Column not found: 1054 Unknown column 'setting_value' in 'SELECT'
[03-Apr-2026 16:03:45 Europe/Paris] Settings error [zone_city]: SQLSTATE[42S22]: Column not found: 1054 Unknown column 'setting_value' in 'SELECT'
[03-Apr-2026 16:03:45 Europe/Paris] Settings error [advisor_firstname]: SQLSTATE[42S22]: Column not found: 1054 Unknown column 'setting_value' in 'SELECT'
[03-Apr-2026 16:03:45 Europe/Paris] Settings error [advisor_lastname]: SQLSTATE[42S22]: Column not found: 1054 Unknown column 'setting_value' in 'SELECT'
[03-Apr-2026 16:03:45 Europe/Paris] Settings error [zone_city]: SQLSTATE[42S22]: Column not found: 1054 Unknown column 'setting_value' in 'SELECT'
[03-Apr-2026 16:03:50 Europe/Paris] Settings error [advisor_firstname]: SQLSTATE[42S22]: Column not found: 1054 Unknown column 'setting_value' in 'SELECT'
[03-Apr-2026 16:03:50 Europe/Paris] Settings error [advisor_lastname]: SQLSTATE[42S22]: Column not found: 1054 Unknown column 'setting_value' in 'SELECT'
[03-Apr-2026 16:03:50 Europe/Paris] Settings error [zone_city]: SQLSTATE[42S22]: Column not found: 1054 Unknown column 'setting_value' in 'SELECT'
[03-Apr-2026 16:03:50 Europe/Paris] Settings error [zone_neighborhoods]: SQLSTATE[42S22]: Column not found: 1054 Unknown column 'setting_value' in 'SELECT'
[03-Apr-2026 16:03:50 Europe/Paris] Settings error [agency_name]: SQLSTATE[42S22]: Column not found: 1054 Unknown column 'setting_value' in 'SELECT'
[03-Apr-2026 16:03:50 Europe/Paris] Settings error [advisor_email]: SQLSTATE[42S22]: Column not found: 1054 Unknown column 'setting_value' in 'SELECT'
[03-Apr-2026 16:03:50 Europe/Paris] Settings error [advisor_phone]: SQLSTATE[42S22]: Column not found: 1054 Unknown column 'setting_value' in 'SELECT'
[03-Apr-2026 16:03:50 Europe/Paris] Settings error [tech_app_url]: SQLSTATE[42S22]: Column not found: 1054 Unknown column 'setting_value' in 'SELECT'
[03-Apr-2026 16:03:50 Europe/Paris] Settings error [advisor_photo]: SQLSTATE[42S22]: Column not found: 1054 Unknown column 'setting_value' in 'SELECT'
[03-Apr-2026 16:03:50 Europe/Paris] Settings error [agency_name]: SQLSTATE[42S22]: Column not found: 1054 Unknown column 'setting_value' in 'SELECT'
[03-Apr-2026 16:03:50 Europe/Paris] Settings error [advisor_email]: SQLSTATE[42S22]: Column not found: 1054 Unknown column 'setting_value' in 'SELECT'
[03-Apr-2026 16:03:50 Europe/Paris] Settings error [tech_app_url]: SQLSTATE[42S22]: Column not found: 1054 Unknown column 'setting_value' in 'SELECT'
[03-Apr-2026 16:03:50 Europe/Paris] Settings error [advisor_photo]: SQLSTATE[42S22]: Column not found: 1054 Unknown column 'setting_value' in 'SELECT'
[03-Apr-2026 16:03:50 Europe/Paris] Settings error [advisor_firstname]: SQLSTATE[42S22]: Column not found: 1054 Unknown column 'setting_value' in 'SELECT'
[03-Apr-2026 16:03:50 Europe/Paris] Settings error [advisor_lastname]: SQLSTATE[42S22]: Column not found: 1054 Unknown column 'setting_value' in 'SELECT'
[03-Apr-2026 16:03:50 Europe/Paris] Settings error [zone_city]: SQLSTATE[42S22]: Column not found: 1054 Unknown column 'setting_value' in 'SELECT'
[03-Apr-2026 16:03:50 Europe/Paris] Settings error [zone_neighborhoods]: SQLSTATE[42S22]: Column not found: 1054 Unknown column 'setting_value' in 'SELECT'
[03-Apr-2026 16:03:50 Europe/Paris] Settings error [agency_name]: SQLSTATE[42S22]: Column not found: 1054 Unknown column 'setting_value' in 'SELECT'
[03-Apr-2026 16:03:50 Europe/Paris] Settings error [advisor_email]: SQLSTATE[42S22]: Column not found: 1054 Unknown column 'setting_value' in 'SELECT'
[03-Apr-2026 16:03:50 Europe/Paris] Settings error [advisor_phone]: SQLSTATE[42S22]: Column not found: 1054 Unknown column 'setting_value' in 'SELECT'
[03-Apr-2026 16:03:50 Europe/Paris] Settings error [tech_app_url]: SQLSTATE[42S22]: Column not found: 1054 Unknown column 'setting_value' in 'SELECT'
[03-Apr-2026 16:03:50 Europe/Paris] Settings error [advisor_photo]: SQLSTATE[42S22]: Column not found: 1054 Unknown column 'setting_value' in 'SELECT'
[03-Apr-2026 16:03:50 Europe/Paris] Settings error [agency_name]: SQLSTATE[42S22]: Column not found: 1054 Unknown column 'setting_value' in 'SELECT'
[03-Apr-2026 16:03:50 Europe/Paris] Settings error [advisor_email]: SQLSTATE[42S22]: Column not found: 1054 Unknown column 'setting_value' in 'SELECT'
[03-Apr-2026 16:03:50 Europe/Paris] Settings error [tech_app_url]: SQLSTATE[42S22]: Column not found: 1054 Unknown column 'setting_value' in 'SELECT'
[03-Apr-2026 16:03:50 Europe/Paris] Settings error [advisor_photo]: SQLSTATE[42S22]: Column not found: 1054 Unknown column 'setting_value' in 'SELECT'
[03-Apr-2026 16:03:50 Europe/Paris] Settings error [advisor_firstname]: SQLSTATE[42S22]: Column not found: 1054 Unknown column 'setting_value' in 'SELECT'
[03-Apr-2026 16:03:50 Europe/Paris] Settings error [advisor_lastname]: SQLSTATE[42S22]: Column not found: 1054 Unknown column 'setting_value' in 'SELECT'
[03-Apr-2026 16:03:50 Europe/Paris] Settings error [zone_city]: SQLSTATE[42S22]: Column not found: 1054 Unknown column 'setting_value' in 'SELECT'
[03-Apr-2026 16:03:50 Europe/Paris] Settings error [zone_neighborhoods]: SQLSTATE[42S22]: Column not found: 1054 Unknown column 'setting_value' in 'SELECT'
[03-Apr-2026 16:03:50 Europe/Paris] Settings error [agency_name]: SQLSTATE[42S22]: Column not found: 1054 Unknown column 'setting_value' in 'SELECT'
[03-Apr-2026 16:03:50 Europe/Paris] Settings error [advisor_email]: SQLSTATE[42S22]: Column not found: 1054 Unknown column 'setting_value' in 'SELECT'
[03-Apr-2026 16:03:50 Europe/Paris] Settings error [advisor_phone]: SQLSTATE[42S22]: Column not found: 1054 Unknown column 'setting_value' in 'SELECT'
[03-Apr-2026 16:03:50 Europe/Paris] Settings error [tech_app_url]: SQLSTATE[42S22]: Column not found: 1054 Unknown column 'setting_value' in 'SELECT'
[03-Apr-2026 16:03:50 Europe/Paris] Settings error [advisor_photo]: SQLSTATE[42S22]: Column not found: 1054 Unknown column 'setting_value' in 'SELECT'
[03-Apr-2026 16:03:50 Europe/Paris] Settings error [agency_name]: SQLSTATE[42S22]: Column not found: 1054 Unknown column 'setting_value' in 'SELECT'
[03-Apr-2026 16:03:50 Europe/Paris] Settings error [advisor_email]: SQLSTATE[42S22]: Column not found: 1054 Unknown column 'setting_value' in 'SELECT'
[03-Apr-2026 16:03:50 Europe/Paris] Settings error [tech_app_url]: SQLSTATE[42S22]: Column not found: 1054 Unknown column 'setting_value' in 'SELECT'
[03-Apr-2026 16:03:50 Europe/Paris] Settings error [advisor_photo]: SQLSTATE[42S22]: Column not found: 1054 Unknown column 'setting_value' in 'SELECT'
[03-Apr-2026 16:03:50 Europe/Paris] Settings error [zone_city]: SQLSTATE[42S22]: Column not found: 1054 Unknown column 'setting_value' in 'SELECT'
[03-Apr-2026 16:03:50 Europe/Paris] Settings error [site_meta_description]: SQLSTATE[42S22]: Column not found: 1054 Unknown column 'setting_value' in 'SELECT'
[03-Apr-2026 16:03:50 Europe/Paris] Settings error [advisor_firstname]: SQLSTATE[42S22]: Column not found: 1054 Unknown column 'setting_value' in 'SELECT'
[03-Apr-2026 16:03:50 Europe/Paris] Settings error [advisor_lastname]: SQLSTATE[42S22]: Column not found: 1054 Unknown column 'setting_value' in 'SELECT'
[03-Apr-2026 16:03:50 Europe/Paris] Settings error [advisor_firstname]: SQLSTATE[42S22]: Column not found: 1054 Unknown column 'setting_value' in 'SELECT'
[03-Apr-2026 16:03:50 Europe/Paris] Settings error [advisor_lastname]: SQLSTATE[42S22]: Column not found: 1054 Unknown column 'setting_value' in 'SELECT'
[03-Apr-2026 16:03:50 Europe/Paris] Settings error [advisor_title]: SQLSTATE[42S22]: Column not found: 1054 Unknown column 'setting_value' in 'SELECT'
[03-Apr-2026 16:03:50 Europe/Paris] Settings error [advisor_tagline]: SQLSTATE[42S22]: Column not found: 1054 Unknown column 'setting_value' in 'SELECT'
[03-Apr-2026 16:03:50 Europe/Paris] Settings error [zone_city]: SQLSTATE[42S22]: Column not found: 1054 Unknown column 'setting_value' in 'SELECT'
[03-Apr-2026 16:03:50 Europe/Paris] Settings error [advisor_firstname]: SQLSTATE[42S22]: Column not found: 1054 Unknown column 'setting_value' in 'SELECT'
[03-Apr-2026 16:03:50 Europe/Paris] Settings error [advisor_lastname]: SQLSTATE[42S22]: Column not found: 1054 Unknown column 'setting_value' in 'SELECT'
[03-Apr-2026 16:03:50 Europe/Paris] Settings error [zone_city]: SQLSTATE[42S22]: Column not found: 1054 Unknown column 'setting_value' in 'SELECT'
[03-Apr-2026 16:03:53 Europe/Paris] Settings error [advisor_firstname]: SQLSTATE[42S22]: Column not found: 1054 Unknown column 'setting_value' in 'SELECT'
[03-Apr-2026 16:03:53 Europe/Paris] Settings error [advisor_lastname]: SQLSTATE[42S22]: Column not found: 1054 Unknown column 'setting_value' in 'SELECT'
[03-Apr-2026 16:03:53 Europe/Paris] Settings error [zone_city]: SQLSTATE[42S22]: Column not found: 1054 Unknown column 'setting_value' in 'SELECT'
[03-Apr-2026 16:03:53 Europe/Paris] Settings error [zone_neighborhoods]: SQLSTATE[42S22]: Column not found: 1054 Unknown column 'setting_value' in 'SELECT'
[03-Apr-2026 16:03:53 Europe/Paris] Settings error [agency_name]: SQLSTATE[42S22]: Column not found: 1054 Unknown column 'setting_value' in 'SELECT'
[03-Apr-2026 16:03:53 Europe/Paris] Settings error [advisor_email]: SQLSTATE[42S22]: Column not found: 1054 Unknown column 'setting_value' in 'SELECT'
[03-Apr-2026 16:03:53 Europe/Paris] Settings error [advisor_phone]: SQLSTATE[42S22]: Column not found: 1054 Unknown column 'setting_value' in 'SELECT'
[03-Apr-2026 16:03:53 Europe/Paris] Settings error [tech_app_url]: SQLSTATE[42S22]: Column not found: 1054 Unknown column 'setting_value' in 'SELECT'
[03-Apr-2026 16:03:53 Europe/Paris] Settings error [advisor_photo]: SQLSTATE[42S22]: Column not found: 1054 Unknown column 'setting_value' in 'SELECT'
[03-Apr-2026 16:03:53 Europe/Paris] Settings error [agency_name]: SQLSTATE[42S22]: Column not found: 1054 Unknown column 'setting_value' in 'SELECT'
[03-Apr-2026 16:03:53 Europe/Paris] Settings error [advisor_email]: SQLSTATE[42S22]: Column not found: 1054 Unknown column 'setting_value' in 'SELECT'
[03-Apr-2026 16:03:53 Europe/Paris] Settings error [tech_app_url]: SQLSTATE[42S22]: Column not found: 1054 Unknown column 'setting_value' in 'SELECT'
[03-Apr-2026 16:03:53 Europe/Paris] Settings error [advisor_photo]: SQLSTATE[42S22]: Column not found: 1054 Unknown column 'setting_value' in 'SELECT'
[03-Apr-2026 16:03:53 Europe/Paris] Settings error [advisor_firstname]: SQLSTATE[42S22]: Column not found: 1054 Unknown column 'setting_value' in 'SELECT'
[03-Apr-2026 16:03:53 Europe/Paris] Settings error [advisor_lastname]: SQLSTATE[42S22]: Column not found: 1054 Unknown column 'setting_value' in 'SELECT'
[03-Apr-2026 16:03:53 Europe/Paris] Settings error [zone_city]: SQLSTATE[42S22]: Column not found: 1054 Unknown column 'setting_value' in 'SELECT'
[03-Apr-2026 16:03:53 Europe/Paris] Settings error [zone_neighborhoods]: SQLSTATE[42S22]: Column not found: 1054 Unknown column 'setting_value' in 'SELECT'
[03-Apr-2026 16:03:53 Europe/Paris] Settings error [agency_name]: SQLSTATE[42S22]: Column not found: 1054 Unknown column 'setting_value' in 'SELECT'
[03-Apr-2026 16:03:53 Europe/Paris] Settings error [advisor_email]: SQLSTATE[42S22]: Column not found: 1054 Unknown column 'setting_value' in 'SELECT'
[03-Apr-2026 16:03:53 Europe/Paris] Settings error [advisor_phone]: SQLSTATE[42S22]: Column not found: 1054 Unknown column 'setting_value' in 'SELECT'
[03-Apr-2026 16:03:53 Europe/Paris] Settings error [tech_app_url]: SQLSTATE[42S22]: Column not found: 1054 Unknown column 'setting_value' in 'SELECT'
[03-Apr-2026 16:03:53 Europe/Paris] Settings error [advisor_photo]: SQLSTATE[42S22]: Column not found: 1054 Unknown column 'setting_value' in 'SELECT'
[03-Apr-2026 16:03:53 Europe/Paris] Settings error [agency_name]: SQLSTATE[42S22]: Column not found: 1054 Unknown column 'setting_value' in 'SELECT'
[03-Apr-2026 16:03:53 Europe/Paris] Settings error [advisor_email]: SQLSTATE[42S22]: Column not found: 1054 Unknown column 'setting_value' in 'SELECT'
[03-Apr-2026 16:03:53 Europe/Paris] Settings error [tech_app_url]: SQLSTATE[42S22]: Column not found: 1054 Unknown column 'setting_value' in 'SELECT'
[03-Apr-2026 16:03:53 Europe/Paris] Settings error [advisor_photo]: SQLSTATE[42S22]: Column not found: 1054 Unknown column 'setting_value' in 'SELECT'
[03-Apr-2026 16:03:53 Europe/Paris] Settings error [zone_city]: SQLSTATE[42S22]: Column not found: 1054 Unknown column 'setting_value' in 'SELECT'
[03-Apr-2026 16:03:53 Europe/Paris] Settings error [site_meta_description]: SQLSTATE[42S22]: Column not found: 1054 Unknown column 'setting_value' in 'SELECT'
[03-Apr-2026 16:03:53 Europe/Paris] Settings error [advisor_firstname]: SQLSTATE[42S22]: Column not found: 1054 Unknown column 'setting_value' in 'SELECT'
[03-Apr-2026 16:03:53 Europe/Paris] Settings error [advisor_lastname]: SQLSTATE[42S22]: Column not found: 1054 Unknown column 'setting_value' in 'SELECT'
[03-Apr-2026 16:03:53 Europe/Paris] Settings error [advisor_firstname]: SQLSTATE[42S22]: Column not found: 1054 Unknown column 'setting_value' in 'SELECT'
[03-Apr-2026 16:03:53 Europe/Paris] Settings error [advisor_lastname]: SQLSTATE[42S22]: Column not found: 1054 Unknown column 'setting_value' in 'SELECT'
[03-Apr-2026 16:03:53 Europe/Paris] Settings error [advisor_title]: SQLSTATE[42S22]: Column not found: 1054 Unknown column 'setting_value' in 'SELECT'
[03-Apr-2026 16:03:53 Europe/Paris] Settings error [advisor_tagline]: SQLSTATE[42S22]: Column not found: 1054 Unknown column 'setting_value' in 'SELECT'
[03-Apr-2026 16:03:53 Europe/Paris] Settings error [zone_city]: SQLSTATE[42S22]: Column not found: 1054 Unknown column 'setting_value' in 'SELECT'
[03-Apr-2026 16:03:53 Europe/Paris] Settings error [advisor_firstname]: SQLSTATE[42S22]: Column not found: 1054 Unknown column 'setting_value' in 'SELECT'
[03-Apr-2026 16:03:53 Europe/Paris] Settings error [advisor_lastname]: SQLSTATE[42S22]: Column not found: 1054 Unknown column 'setting_value' in 'SELECT'
[03-Apr-2026 16:03:53 Europe/Paris] Settings error [zone_city]: SQLSTATE[42S22]: Column not found: 1054 Unknown column 'setting_value' in 'SELECT'
[03-Apr-2026 16:03:58 Europe/Paris] Settings error [advisor_firstname]: SQLSTATE[42S22]: Column not found: 1054 Unknown column 'setting_value' in 'SELECT'
[03-Apr-2026 16:03:58 Europe/Paris] Settings error [advisor_lastname]: SQLSTATE[42S22]: Column not found: 1054 Unknown column 'setting_value' in 'SELECT'
[03-Apr-2026 16:03:58 Europe/Paris] Settings error [zone_city]: SQLSTATE[42S22]: Column not found: 1054 Unknown column 'setting_value' in 'SELECT'
[03-Apr-2026 16:03:58 Europe/Paris] Settings error [zone_neighborhoods]: SQLSTATE[42S22]: Column not found: 1054 Unknown column 'setting_value' in 'SELECT'
[03-Apr-2026 16:03:58 Europe/Paris] Settings error [agency_name]: SQLSTATE[42S22]: Column not found: 1054 Unknown column 'setting_value' in 'SELECT'
[03-Apr-2026 16:03:58 Europe/Paris] Settings error [advisor_email]: SQLSTATE[42S22]: Column not found: 1054 Unknown column 'setting_value' in 'SELECT'
[03-Apr-2026 16:03:58 Europe/Paris] Settings error [advisor_phone]: SQLSTATE[42S22]: Column not found: 1054 Unknown column 'setting_value' in 'SELECT'
[03-Apr-2026 16:03:58 Europe/Paris] Settings error [tech_app_url]: SQLSTATE[42S22]: Column not found: 1054 Unknown column 'setting_value' in 'SELECT'
[03-Apr-2026 16:03:58 Europe/Paris] Settings error [advisor_photo]: SQLSTATE[42S22]: Column not found: 1054 Unknown column 'setting_value' in 'SELECT'
[03-Apr-2026 16:03:58 Europe/Paris] Settings error [agency_name]: SQLSTATE[42S22]: Column not found: 1054 Unknown column 'setting_value' in 'SELECT'
[03-Apr-2026 16:03:58 Europe/Paris] Settings error [advisor_email]: SQLSTATE[42S22]: Column not found: 1054 Unknown column 'setting_value' in 'SELECT'
[03-Apr-2026 16:03:58 Europe/Paris] Settings error [tech_app_url]: SQLSTATE[42S22]: Column not found: 1054 Unknown column 'setting_value' in 'SELECT'
[03-Apr-2026 16:03:58 Europe/Paris] Settings error [advisor_photo]: SQLSTATE[42S22]: Column not found: 1054 Unknown column 'setting_value' in 'SELECT'
[03-Apr-2026 16:03:58 Europe/Paris] Settings error [advisor_firstname]: SQLSTATE[42S22]: Column not found: 1054 Unknown column 'setting_value' in 'SELECT'
[03-Apr-2026 16:03:58 Europe/Paris] Settings error [advisor_lastname]: SQLSTATE[42S22]: Column not found: 1054 Unknown column 'setting_value' in 'SELECT'
[03-Apr-2026 16:03:58 Europe/Paris] Settings error [zone_city]: SQLSTATE[42S22]: Column not found: 1054 Unknown column 'setting_value' in 'SELECT'
[03-Apr-2026 16:03:58 Europe/Paris] Settings error [zone_neighborhoods]: SQLSTATE[42S22]: Column not found: 1054 Unknown column 'setting_value' in 'SELECT'
[03-Apr-2026 16:03:58 Europe/Paris] Settings error [agency_name]: SQLSTATE[42S22]: Column not found: 1054 Unknown column 'setting_value' in 'SELECT'
[03-Apr-2026 16:03:58 Europe/Paris] Settings error [advisor_email]: SQLSTATE[42S22]: Column not found: 1054 Unknown column 'setting_value' in 'SELECT'
[03-Apr-2026 16:03:58 Europe/Paris] Settings error [advisor_phone]: SQLSTATE[42S22]: Column not found: 1054 Unknown column 'setting_value' in 'SELECT'
[03-Apr-2026 16:03:58 Europe/Paris] Settings error [tech_app_url]: SQLSTATE[42S22]: Column not found: 1054 Unknown column 'setting_value' in 'SELECT'
[03-Apr-2026 16:03:58 Europe/Paris] Settings error [advisor_photo]: SQLSTATE[42S22]: Column not found: 1054 Unknown column 'setting_value' in 'SELECT'
[03-Apr-2026 16:03:58 Europe/Paris] Settings error [agency_name]: SQLSTATE[42S22]: Column not found: 1054 Unknown column 'setting_value' in 'SELECT'
[03-Apr-2026 16:03:58 Europe/Paris] Settings error [advisor_email]: SQLSTATE[42S22]: Column not found: 1054 Unknown column 'setting_value' in 'SELECT'
[03-Apr-2026 16:03:58 Europe/Paris] Settings error [tech_app_url]: SQLSTATE[42S22]: Column not found: 1054 Unknown column 'setting_value' in 'SELECT'
[03-Apr-2026 16:03:58 Europe/Paris] Settings error [advisor_photo]: SQLSTATE[42S22]: Column not found: 1054 Unknown column 'setting_value' in 'SELECT'
[03-Apr-2026 16:03:58 Europe/Paris] Settings error [advisor_firstname]: SQLSTATE[42S22]: Column not found: 1054 Unknown column 'setting_value' in 'SELECT'
[03-Apr-2026 16:03:58 Europe/Paris] Settings error [advisor_lastname]: SQLSTATE[42S22]: Column not found: 1054 Unknown column 'setting_value' in 'SELECT'
[03-Apr-2026 16:03:58 Europe/Paris] Settings error [zone_city]: SQLSTATE[42S22]: Column not found: 1054 Unknown column 'setting_value' in 'SELECT'
[03-Apr-2026 16:03:58 Europe/Paris] Settings error [zone_neighborhoods]: SQLSTATE[42S22]: Column not found: 1054 Unknown column 'setting_value' in 'SELECT'
[03-Apr-2026 16:03:58 Europe/Paris] Settings error [agency_name]: SQLSTATE[42S22]: Column not found: 1054 Unknown column 'setting_value' in 'SELECT'
[03-Apr-2026 16:03:58 Europe/Paris] Settings error [advisor_email]: SQLSTATE[42S22]: Column not found: 1054 Unknown column 'setting_value' in 'SELECT'
[03-Apr-2026 16:03:58 Europe/Paris] Settings error [advisor_phone]: SQLSTATE[42S22]: Column not found: 1054 Unknown column 'setting_value' in 'SELECT'
[03-Apr-2026 16:03:58 Europe/Paris] Settings error [tech_app_url]: SQLSTATE[42S22]: Column not found: 1054 Unknown column 'setting_value' in 'SELECT'
[03-Apr-2026 16:03:58 Europe/Paris] Settings error [advisor_photo]: SQLSTATE[42S22]: Column not found: 1054 Unknown column 'setting_value' in 'SELECT'
[03-Apr-2026 16:03:58 Europe/Paris] Settings error [agency_name]: SQLSTATE[42S22]: Column not found: 1054 Unknown column 'setting_value' in 'SELECT'
[03-Apr-2026 16:03:58 Europe/Paris] Settings error [advisor_email]: SQLSTATE[42S22]: Column not found: 1054 Unknown column 'setting_value' in 'SELECT'
[03-Apr-2026 16:03:58 Europe/Paris] Settings error [tech_app_url]: SQLSTATE[42S22]: Column not found: 1054 Unknown column 'setting_value' in 'SELECT'
[03-Apr-2026 16:03:58 Europe/Paris] Settings error [advisor_photo]: SQLSTATE[42S22]: Column not found: 1054 Unknown column 'setting_value' in 'SELECT'
[03-Apr-2026 16:03:58 Europe/Paris] Settings error [zone_city]: SQLSTATE[42S22]: Column not found: 1054 Unknown column 'setting_value' in 'SELECT'
[03-Apr-2026 16:03:58 Europe/Paris] Settings error [site_meta_description]: SQLSTATE[42S22]: Column not found: 1054 Unknown column 'setting_value' in 'SELECT'
[03-Apr-2026 16:03:58 Europe/Paris] Settings error [advisor_firstname]: SQLSTATE[42S22]: Column not found: 1054 Unknown column 'setting_value' in 'SELECT'
[03-Apr-2026 16:03:58 Europe/Paris] Settings error [advisor_lastname]: SQLSTATE[42S22]: Column not found: 1054 Unknown column 'setting_value' in 'SELECT'
[03-Apr-2026 16:03:58 Europe/Paris] Settings error [advisor_firstname]: SQLSTATE[42S22]: Column not found: 1054 Unknown column 'setting_value' in 'SELECT'
[03-Apr-2026 16:03:58 Europe/Paris] Settings error [advisor_lastname]: SQLSTATE[42S22]: Column not found: 1054 Unknown column 'setting_value' in 'SELECT'
[03-Apr-2026 16:03:58 Europe/Paris] Settings error [advisor_title]: SQLSTATE[42S22]: Column not found: 1054 Unknown column 'setting_value' in 'SELECT'
[03-Apr-2026 16:03:58 Europe/Paris] Settings error [advisor_tagline]: SQLSTATE[42S22]: Column not found: 1054 Unknown column 'setting_value' in 'SELECT'
[03-Apr-2026 16:03:58 Europe/Paris] Settings error [zone_city]: SQLSTATE[42S22]: Column not found: 1054 Unknown column 'setting_value' in 'SELECT'
[03-Apr-2026 16:03:58 Europe/Paris] Settings error [advisor_firstname]: SQLSTATE[42S22]: Column not found: 1054 Unknown column 'setting_value' in 'SELECT'
[03-Apr-2026 16:03:58 Europe/Paris] Settings error [advisor_lastname]: SQLSTATE[42S22]: Column not found: 1054 Unknown column 'setting_value' in 'SELECT'
[03-Apr-2026 16:03:58 Europe/Paris] Settings error [zone_city]: SQLSTATE[42S22]: Column not found: 1054 Unknown column 'setting_value' in 'SELECT'
[05-Apr-2026 19:08:34 Europe/Paris] DB Connection failed: SQLSTATE[HY000] [1045] Access denied for user 'mahe6420_site_immo'@'localhost' (using password: YES)
[05-Apr-2026 19:08:44 Europe/Paris] DB Connection failed: SQLSTATE[HY000] [1045] Access denied for user 'mahe6420_site_immo'@'localhost' (using password: YES)
[05-Apr-2026 19:08:46 Europe/Paris] DB Connection failed: SQLSTATE[HY000] [1045] Access denied for user 'mahe6420_site_immo'@'localhost' (using password: YES)
[05-Apr-2026 19:17:57 Europe/Paris] DB Connection failed: SQLSTATE[HY000] [1045] Access denied for user 'mahe6420_site_immo'@'localhost' (using password: YES)
[05-Apr-2026 20:05:50 UTC] PHP Fatal error:  Uncaught Error: Undefined constant "DB_HOST" in /home/cool1019/site/public/test_db.php:4
Stack trace:
#0 {main}
  thrown in /home/cool1019/site/public/test_db.php on line 4
[05-Apr-2026 20:07:58 UTC] PHP Warning:  require_once(config.php): Failed to open stream: No such file or directory in /home/cool1019/site/public/create_settings_table.php on line 2
[05-Apr-2026 20:07:58 UTC] PHP Fatal error:  Uncaught Error: Failed opening required 'config.php' (include_path='.:/opt/alt/php84/usr/share/pear:/opt/alt/php84/usr/share/php:/usr/share/pear:/usr/share/php') in /home/cool1019/site/public/create_settings_table.php:2
Stack trace:
#0 {main}
  thrown in /home/cool1019/site/public/create_settings_table.php on line 2
[05-Apr-2026 20:07:59 UTC] PHP Fatal error:  Uncaught Error: Undefined constant "DB_HOST" in /home/cool1019/site/public/test_db.php:4
Stack trace:
#0 {main}
  thrown in /home/cool1019/site/public/test_db.php on line 4
[05-Apr-2026 20:08:06 UTC] PHP Warning:  require_once(config.php): Failed to open stream: No such file or directory in /home/cool1019/site/public/create_settings_table.php on line 2
[05-Apr-2026 20:08:06 UTC] PHP Fatal error:  Uncaught Error: Failed opening required 'config.php' (include_path='.:/opt/alt/php84/usr/share/pear:/opt/alt/php84/usr/share/php:/usr/share/pear:/usr/share/php') in /home/cool1019/site/public/create_settings_table.php:2
Stack trace:
#0 {main}
  thrown in /home/cool1019/site/public/create_settings_table.php on line 2
[05-Apr-2026 20:12:59 UTC] PHP Warning:  require_once(config.php): Failed to open stream: No such file or directory in /home/cool1019/site/public/create_settings_table.php on line 2
[05-Apr-2026 20:12:59 UTC] PHP Fatal error:  Uncaught Error: Failed opening required 'config.php' (include_path='.:/opt/alt/php84/usr/share/pear:/opt/alt/php84/usr/share/php:/usr/share/pear:/usr/share/php') in /home/cool1019/site/public/create_settings_table.php:2
Stack trace:
#0 {main}
  thrown in /home/cool1019/site/public/create_settings_table.php on line 2
[05-Apr-2026 20:13:04 UTC] PHP Fatal error:  Uncaught Error: Undefined constant "DB_HOST" in /home/cool1019/site/public/test_db.php:4
Stack trace:
#0 {main}
  thrown in /home/cool1019/site/public/test_db.php on line 4
[05-Apr-2026 20:27:50 UTC] PHP Fatal error:  Uncaught Error: Undefined constant "DB_HOST" in /home/cool1019/site/private/config.php:6
Stack trace:
#0 /home/cool1019/site/public/index.php(2): require_once()
#1 {main}
  thrown in /home/cool1019/site/private/config.php on line 6
[05-Apr-2026 20:28:28 UTC] PHP Fatal error:  Uncaught Error: Undefined constant "DB_HOST" in /home/cool1019/site/private/config.php:6
Stack trace:
#0 /home/cool1019/site/public/index.php(2): require_once()
#1 {main}
  thrown in /home/cool1019/site/private/config.php on line 6
[05-Apr-2026 20:28:39 UTC] PHP Fatal error:  Uncaught Error: Undefined constant "DB_HOST" in /home/cool1019/site/private/config.php:6
Stack trace:
#0 /home/cool1019/site/public/test_db.php(2): require_once()
#1 {main}
  thrown in /home/cool1019/site/private/config.php on line 6
[05-Apr-2026 20:28:51 UTC] PHP Fatal error:  Uncaught Error: Undefined constant "DB_HOST" in /home/cool1019/site/private/config.php:6
Stack trace:
#0 /home/cool1019/site/public/create_settings_table.php(2): require_once()
#1 {main}
  thrown in /home/cool1019/site/private/config.php on line 6
